
AVRASM ver. 2.1.30  E:\CodeVisionAVR\untitled6\Debug\List\untitled2.asm Sun Apr 09 21:36:46 2023

E:\CodeVisionAVR\untitled6\Debug\List\untitled2.asm(1420): warning: Register r3 already defined by the .DEF directive
E:\CodeVisionAVR\untitled6\Debug\List\untitled2.asm(1421): warning: Register r4 already defined by the .DEF directive
E:\CodeVisionAVR\untitled6\Debug\List\untitled2.asm(1422): warning: Register r6 already defined by the .DEF directive
                 
                 
                 ;CodeVisionAVR C Compiler V3.51 
                 ;(C) Copyright 1998-2023 Pavel Haiduc, HP InfoTech S.R.L.
                 ;http://www.hpinfotech.ro
                 
                 ;Build configuration    : Debug
                 ;Chip type              : ATmega328P
                 ;Program type           : Application
                 ;Clock frequency        : 8.000000 MHz
                 ;Memory model           : Small
                 ;Optimize for           : Size
                 ;(s)printf features     : int, width
                 ;(s)scanf features      : int, width
                 ;External RAM size      : 0
                 ;Data Stack size        : 512 byte(s)
                 ;Heap size              : 0 byte(s)
                 ;Promote 'char' to 'int': Yes
                 ;'char' is unsigned     : Yes
                 ;8 bit enums            : Yes
                 ;Global 'const' stored in FLASH: No
                 ;Enhanced function parameter passing: Mode 2
                 ;Enhanced core instructions: On
                 ;Automatic register allocation for global variables: On
                 ;Smart register allocation: On
                 
                 	#define _MODEL_SMALL_
                 
                 	#pragma AVRPART ADMIN PART_NAME ATmega328P
                 	#pragma AVRPART MEMORY PROG_FLASH 32768
                 	#pragma AVRPART MEMORY EEPROM 1024
                 	#pragma AVRPART MEMORY INT_SRAM SIZE 2048
                 	#pragma AVRPART MEMORY INT_SRAM START_ADDR 0x100
                 
                 	#define CALL_SUPPORTED 1
                 
                 	.LISTMAC
                 	.EQU EERE=0x0
                 	.EQU EEWE=0x1
                 	.EQU EEMWE=0x2
                 	.EQU UDRE=0x5
                 	.EQU RXC=0x7
                 	.EQU EECR=0x1F
                 	.EQU EEDR=0x20
                 	.EQU EEARL=0x21
                 	.EQU EEARH=0x22
                 	.EQU SPSR=0x2D
                 	.EQU SPDR=0x2E
                 	.EQU SMCR=0x33
                 	.EQU MCUSR=0x34
                 	.EQU MCUCR=0x35
                 	.EQU WDTCSR=0x60
                 	.EQU UCSR0A=0xC0
                 	.EQU UDR0=0xC6
                 	.EQU SPMCSR=0x37
                 	.EQU SPL=0x3D
                 	.EQU SPH=0x3E
                 	.EQU SREG=0x3F
                 	.EQU GPIOR0=0x1E
                 
                 	.DEF R0X0=R0
                 	.DEF R0X1=R1
                 	.DEF R0X2=R2
                 	.DEF R0X3=R3
                 	.DEF R0X4=R4
                 	.DEF R0X5=R5
                 	.DEF R0X6=R6
                 	.DEF R0X7=R7
                 	.DEF R0X8=R8
                 	.DEF R0X9=R9
                 	.DEF R0XA=R10
                 	.DEF R0XB=R11
                 	.DEF R0XC=R12
                 	.DEF R0XD=R13
                 	.DEF R0XE=R14
                 	.DEF R0XF=R15
                 	.DEF R0X10=R16
                 	.DEF R0X11=R17
                 	.DEF R0X12=R18
                 	.DEF R0X13=R19
                 	.DEF R0X14=R20
                 	.DEF R0X15=R21
                 	.DEF R0X16=R22
                 	.DEF R0X17=R23
                 	.DEF R0X18=R24
                 	.DEF R0X19=R25
                 	.DEF R0X1A=R26
                 	.DEF R0X1B=R27
                 	.DEF R0X1C=R28
                 	.DEF R0X1D=R29
                 	.DEF R0X1E=R30
                 	.DEF R0X1F=R31
                 
                 	.EQU __SRAM_START=0x0100
                 	.EQU __SRAM_END=0x08FF
                 	.EQU __DSTACK_SIZE=0x0200
                 	.EQU __HEAP_SIZE=0x0000
                 	.EQU __CLEAR_SRAM_SIZE=__SRAM_END-__SRAM_START+1
                 
                 	.EQU __FLASH_PAGE_SIZE=0x40
                 	.EQU __EEPROM_PAGE_SIZE=0x04
                 
                 	.MACRO __CPD1N
                 	CPI  R30,LOW(@0)
                 	LDI  R26,HIGH(@0)
                 	CPC  R31,R26
                 	LDI  R26,BYTE3(@0)
                 	CPC  R22,R26
                 	LDI  R26,BYTE4(@0)
                 	CPC  R23,R26
                 	.ENDM
                 
                 	.MACRO __CPD2N
                 	CPI  R26,LOW(@0)
                 	LDI  R30,HIGH(@0)
                 	CPC  R27,R30
                 	LDI  R30,BYTE3(@0)
                 	CPC  R24,R30
                 	LDI  R30,BYTE4(@0)
                 	CPC  R25,R30
                 	.ENDM
                 
                 	.MACRO __CPWRR
                 	CP   R@0,R@2
                 	CPC  R@1,R@3
                 	.ENDM
                 
                 	.MACRO __CPWRN
                 	CPI  R@0,LOW(@2)
                 	LDI  R30,HIGH(@2)
                 	CPC  R@1,R30
                 	.ENDM
                 
                 	.MACRO __ADDB1MN
                 	SUBI R30,LOW(-@0-(@1))
                 	.ENDM
                 
                 	.MACRO __ADDB2MN
                 	SUBI R26,LOW(-@0-(@1))
                 	.ENDM
                 
                 	.MACRO __ADDW1MN
                 	SUBI R30,LOW(-@0-(@1))
                 	SBCI R31,HIGH(-@0-(@1))
                 	.ENDM
                 
                 	.MACRO __ADDW2MN
                 	SUBI R26,LOW(-@0-(@1))
                 	SBCI R27,HIGH(-@0-(@1))
                 	.ENDM
                 
                 	.MACRO __ADDW1FN
                 	SUBI R30,LOW(-2*@0-(@1))
                 	SBCI R31,HIGH(-2*@0-(@1))
                 	.ENDM
                 
                 	.MACRO __ADDD1FN
                 	SUBI R30,LOW(-2*@0-(@1))
                 	SBCI R31,HIGH(-2*@0-(@1))
                 	SBCI R22,BYTE3(-2*@0-(@1))
                 	.ENDM
                 
                 	.MACRO __ADDD1N
                 	SUBI R30,LOW(-@0)
                 	SBCI R31,HIGH(-@0)
                 	SBCI R22,BYTE3(-@0)
                 	SBCI R23,BYTE4(-@0)
                 	.ENDM
                 
                 	.MACRO __ADDD2N
                 	SUBI R26,LOW(-@0)
                 	SBCI R27,HIGH(-@0)
                 	SBCI R24,BYTE3(-@0)
                 	SBCI R25,BYTE4(-@0)
                 	.ENDM
                 
                 	.MACRO __SUBD1N
                 	SUBI R30,LOW(@0)
                 	SBCI R31,HIGH(@0)
                 	SBCI R22,BYTE3(@0)
                 	SBCI R23,BYTE4(@0)
                 	.ENDM
                 
                 	.MACRO __SUBD2N
                 	SUBI R26,LOW(@0)
                 	SBCI R27,HIGH(@0)
                 	SBCI R24,BYTE3(@0)
                 	SBCI R25,BYTE4(@0)
                 	.ENDM
                 
                 	.MACRO __ANDBMNN
                 	LDS  R30,@0+(@1)
                 	ANDI R30,LOW(@2)
                 	STS  @0+(@1),R30
                 	.ENDM
                 
                 	.MACRO __ANDWMNN
                 	LDS  R30,@0+(@1)
                 	ANDI R30,LOW(@2)
                 	STS  @0+(@1),R30
                 	LDS  R30,@0+(@1)+1
                 	ANDI R30,HIGH(@2)
                 	STS  @0+(@1)+1,R30
                 	.ENDM
                 
                 	.MACRO __ANDD1N
                 	ANDI R30,LOW(@0)
                 	ANDI R31,HIGH(@0)
                 	ANDI R22,BYTE3(@0)
                 	ANDI R23,BYTE4(@0)
                 	.ENDM
                 
                 	.MACRO __ANDD2N
                 	ANDI R26,LOW(@0)
                 	ANDI R27,HIGH(@0)
                 	ANDI R24,BYTE3(@0)
                 	ANDI R25,BYTE4(@0)
                 	.ENDM
                 
                 	.MACRO __ORBMNN
                 	LDS  R30,@0+(@1)
                 	ORI  R30,LOW(@2)
                 	STS  @0+(@1),R30
                 	.ENDM
                 
                 	.MACRO __ORWMNN
                 	LDS  R30,@0+(@1)
                 	ORI  R30,LOW(@2)
                 	STS  @0+(@1),R30
                 	LDS  R30,@0+(@1)+1
                 	ORI  R30,HIGH(@2)
                 	STS  @0+(@1)+1,R30
                 	.ENDM
                 
                 	.MACRO __ORD1N
                 	ORI  R30,LOW(@0)
                 	ORI  R31,HIGH(@0)
                 	ORI  R22,BYTE3(@0)
                 	ORI  R23,BYTE4(@0)
                 	.ENDM
                 
                 	.MACRO __ORD2N
                 	ORI  R26,LOW(@0)
                 	ORI  R27,HIGH(@0)
                 	ORI  R24,BYTE3(@0)
                 	ORI  R25,BYTE4(@0)
                 	.ENDM
                 
                 	.MACRO __DELAY_USB
                 	LDI  R24,LOW(@0)
                 __DELAY_USB_LOOP:
                 	DEC  R24
                 	BRNE __DELAY_USB_LOOP
                 	.ENDM
                 
                 	.MACRO __DELAY_USW
                 	LDI  R24,LOW(@0)
                 	LDI  R25,HIGH(@0)
                 __DELAY_USW_LOOP:
                 	SBIW R24,1
                 	BRNE __DELAY_USW_LOOP
                 	.ENDM
                 
                 	.MACRO __GETW1P
                 	LD   R30,X+
                 	LD   R31,X
                 	SBIW R26,1
                 	.ENDM
                 
                 	.MACRO __GETD1S
                 	LDD  R30,Y+@0
                 	LDD  R31,Y+@0+1
                 	LDD  R22,Y+@0+2
                 	LDD  R23,Y+@0+3
                 	.ENDM
                 
                 	.MACRO __GETD2S
                 	LDD  R26,Y+@0
                 	LDD  R27,Y+@0+1
                 	LDD  R24,Y+@0+2
                 	LDD  R25,Y+@0+3
                 	.ENDM
                 
                 	.MACRO __GETD1P_INC
                 	LD   R30,X+
                 	LD   R31,X+
                 	LD   R22,X+
                 	LD   R23,X+
                 	.ENDM
                 
                 	.MACRO __GETD1P_DEC
                 	LD   R23,-X
                 	LD   R22,-X
                 	LD   R31,-X
                 	LD   R30,-X
                 	.ENDM
                 
                 	.MACRO __PUTDP1
                 	ST   X+,R30
                 	ST   X+,R31
                 	ST   X+,R22
                 	ST   X,R23
                 	.ENDM
                 
                 	.MACRO __PUTDP1_DEC
                 	ST   -X,R23
                 	ST   -X,R22
                 	ST   -X,R31
                 	ST   -X,R30
                 	.ENDM
                 
                 	.MACRO __PUTD1S
                 	STD  Y+@0,R30
                 	STD  Y+@0+1,R31
                 	STD  Y+@0+2,R22
                 	STD  Y+@0+3,R23
                 	.ENDM
                 
                 	.MACRO __PUTD2S
                 	STD  Y+@0,R26
                 	STD  Y+@0+1,R27
                 	STD  Y+@0+2,R24
                 	STD  Y+@0+3,R25
                 	.ENDM
                 
                 	.MACRO __PUTDZ2
                 	STD  Z+@0,R26
                 	STD  Z+@0+1,R27
                 	STD  Z+@0+2,R24
                 	STD  Z+@0+3,R25
                 	.ENDM
                 
                 	.MACRO __CLRD1S
                 	STD  Y+@0,R30
                 	STD  Y+@0+1,R30
                 	STD  Y+@0+2,R30
                 	STD  Y+@0+3,R30
                 	.ENDM
                 
                 	.MACRO __CPD10
                 	SBIW R30,0
                 	SBCI R22,0
                 	SBCI R23,0
                 	.ENDM
                 
                 	.MACRO __CPD20
                 	SBIW R26,0
                 	SBCI R24,0
                 	SBCI R25,0
                 	.ENDM
                 
                 	.MACRO __ADDD12
                 	ADD  R30,R26
                 	ADC  R31,R27
                 	ADC  R22,R24
                 	ADC  R23,R25
                 	.ENDM
                 
                 	.MACRO __ADDD21
                 	ADD  R26,R30
                 	ADC  R27,R31
                 	ADC  R24,R22
                 	ADC  R25,R23
                 	.ENDM
                 
                 	.MACRO __SUBD12
                 	SUB  R30,R26
                 	SBC  R31,R27
                 	SBC  R22,R24
                 	SBC  R23,R25
                 	.ENDM
                 
                 	.MACRO __SUBD21
                 	SUB  R26,R30
                 	SBC  R27,R31
                 	SBC  R24,R22
                 	SBC  R25,R23
                 	.ENDM
                 
                 	.MACRO __ANDD12
                 	AND  R30,R26
                 	AND  R31,R27
                 	AND  R22,R24
                 	AND  R23,R25
                 	.ENDM
                 
                 	.MACRO __ORD12
                 	OR   R30,R26
                 	OR   R31,R27
                 	OR   R22,R24
                 	OR   R23,R25
                 	.ENDM
                 
                 	.MACRO __XORD12
                 	EOR  R30,R26
                 	EOR  R31,R27
                 	EOR  R22,R24
                 	EOR  R23,R25
                 	.ENDM
                 
                 	.MACRO __XORD21
                 	EOR  R26,R30
                 	EOR  R27,R31
                 	EOR  R24,R22
                 	EOR  R25,R23
                 	.ENDM
                 
                 	.MACRO __COMD1
                 	COM  R30
                 	COM  R31
                 	COM  R22
                 	COM  R23
                 	.ENDM
                 
                 	.MACRO __MULD2_2
                 	LSL  R26
                 	ROL  R27
                 	ROL  R24
                 	ROL  R25
                 	.ENDM
                 
                 	.MACRO __LSRD1
                 	LSR  R23
                 	ROR  R22
                 	ROR  R31
                 	ROR  R30
                 	.ENDM
                 
                 	.MACRO __LSLD1
                 	LSL  R30
                 	ROL  R31
                 	ROL  R22
                 	ROL  R23
                 	.ENDM
                 
                 	.MACRO __ASRB4
                 	ASR  R30
                 	ASR  R30
                 	ASR  R30
                 	ASR  R30
                 	.ENDM
                 
                 	.MACRO __ASRW8
                 	MOV  R30,R31
                 	CLR  R31
                 	SBRC R30,7
                 	SER  R31
                 	.ENDM
                 
                 	.MACRO __LSRD16
                 	MOV  R30,R22
                 	MOV  R31,R23
                 	LDI  R22,0
                 	LDI  R23,0
                 	.ENDM
                 
                 	.MACRO __LSLD16
                 	MOV  R22,R30
                 	MOV  R23,R31
                 	LDI  R30,0
                 	LDI  R31,0
                 	.ENDM
                 
                 	.MACRO __CWD1
                 	MOV  R22,R31
                 	ADD  R22,R22
                 	SBC  R22,R22
                 	MOV  R23,R22
                 	.ENDM
                 
                 	.MACRO __CWD2
                 	MOV  R24,R27
                 	ADD  R24,R24
                 	SBC  R24,R24
                 	MOV  R25,R24
                 	.ENDM
                 
                 	.MACRO __SETMSD1
                 	SER  R31
                 	SER  R22
                 	SER  R23
                 	.ENDM
                 
                 	.MACRO __ADDW1R15
                 	CLR  R0
                 	ADD  R30,R15
                 	ADC  R31,R0
                 	.ENDM
                 
                 	.MACRO __ADDW2R15
                 	CLR  R0
                 	ADD  R26,R15
                 	ADC  R27,R0
                 	.ENDM
                 
                 	.MACRO __EQB12
                 	CP   R30,R26
                 	LDI  R30,1
                 	BREQ PC+2
                 	CLR  R30
                 	.ENDM
                 
                 	.MACRO __NEB12
                 	CP   R30,R26
                 	LDI  R30,1
                 	BRNE PC+2
                 	CLR  R30
                 	.ENDM
                 
                 	.MACRO __LEB12
                 	CP   R30,R26
                 	LDI  R30,1
                 	BRGE PC+2
                 	CLR  R30
                 	.ENDM
                 
                 	.MACRO __GEB12
                 	CP   R26,R30
                 	LDI  R30,1
                 	BRGE PC+2
                 	CLR  R30
                 	.ENDM
                 
                 	.MACRO __LTB12
                 	CP   R26,R30
                 	LDI  R30,1
                 	BRLT PC+2
                 	CLR  R30
                 	.ENDM
                 
                 	.MACRO __GTB12
                 	CP   R30,R26
                 	LDI  R30,1
                 	BRLT PC+2
                 	CLR  R30
                 	.ENDM
                 
                 	.MACRO __LEB12U
                 	CP   R30,R26
                 	LDI  R30,1
                 	BRSH PC+2
                 	CLR  R30
                 	.ENDM
                 
                 	.MACRO __GEB12U
                 	CP   R26,R30
                 	LDI  R30,1
                 	BRSH PC+2
                 	CLR  R30
                 	.ENDM
                 
                 	.MACRO __LTB12U
                 	CP   R26,R30
                 	LDI  R30,1
                 	BRLO PC+2
                 	CLR  R30
                 	.ENDM
                 
                 	.MACRO __GTB12U
                 	CP   R30,R26
                 	LDI  R30,1
                 	BRLO PC+2
                 	CLR  R30
                 	.ENDM
                 
                 	.MACRO __CPW01
                 	CLR  R0
                 	CP   R0,R30
                 	CPC  R0,R31
                 	.ENDM
                 
                 	.MACRO __CPW02
                 	CLR  R0
                 	CP   R0,R26
                 	CPC  R0,R27
                 	.ENDM
                 
                 	.MACRO __CPD12
                 	CP   R30,R26
                 	CPC  R31,R27
                 	CPC  R22,R24
                 	CPC  R23,R25
                 	.ENDM
                 
                 	.MACRO __CPD21
                 	CP   R26,R30
                 	CPC  R27,R31
                 	CPC  R24,R22
                 	CPC  R25,R23
                 	.ENDM
                 
                 	.MACRO __BSTB1
                 	CLT
                 	TST  R30
                 	BREQ PC+2
                 	SET
                 	.ENDM
                 
                 	.MACRO __LNEGB1
                 	TST  R30
                 	LDI  R30,1
                 	BREQ PC+2
                 	CLR  R30
                 	.ENDM
                 
                 	.MACRO __LNEGW1
                 	OR   R30,R31
                 	LDI  R30,1
                 	BREQ PC+2
                 	LDI  R30,0
                 	.ENDM
                 
                 	.MACRO __POINTB1MN
                 	LDI  R30,LOW(@0+(@1))
                 	.ENDM
                 
                 	.MACRO __POINTW1MN
                 	LDI  R30,LOW(@0+(@1))
                 	LDI  R31,HIGH(@0+(@1))
                 	.ENDM
                 
                 	.MACRO __POINTD1M
                 	LDI  R30,LOW(@0)
                 	LDI  R31,HIGH(@0)
                 	LDI  R22,BYTE3(@0)
                 	LDI  R23,BYTE4(@0)
                 	.ENDM
                 
                 	.MACRO __POINTW1FN
                 	LDI  R30,LOW(2*@0+(@1))
                 	LDI  R31,HIGH(2*@0+(@1))
                 	.ENDM
                 
                 	.MACRO __POINTD1FN
                 	LDI  R30,LOW(2*@0+(@1))
                 	LDI  R31,HIGH(2*@0+(@1))
                 	LDI  R22,BYTE3(2*@0+(@1))
                 	LDI  R23,BYTE4(2*@0+(@1))
                 	.ENDM
                 
                 	.MACRO __POINTB2MN
                 	LDI  R26,LOW(@0+(@1))
                 	.ENDM
                 
                 	.MACRO __POINTW2MN
                 	LDI  R26,LOW(@0+(@1))
                 	LDI  R27,HIGH(@0+(@1))
                 	.ENDM
                 
                 	.MACRO __POINTD2M
                 	LDI  R26,LOW(@0)
                 	LDI  R27,HIGH(@0)
                 	LDI  R24,BYTE3(@0)
                 	LDI  R25,BYTE4(@0)
                 	.ENDM
                 
                 	.MACRO __POINTW2FN
                 	LDI  R26,LOW(2*@0+(@1))
                 	LDI  R27,HIGH(2*@0+(@1))
                 	.ENDM
                 
                 	.MACRO __POINTD2FN
                 	LDI  R26,LOW(2*@0+(@1))
                 	LDI  R27,HIGH(2*@0+(@1))
                 	LDI  R24,BYTE3(2*@0+(@1))
                 	LDI  R25,BYTE4(2*@0+(@1))
                 	.ENDM
                 
                 	.MACRO __POINTBRM
                 	LDI  R@0,LOW(@1)
                 	.ENDM
                 
                 	.MACRO __POINTWRM
                 	LDI  R@0,LOW(@2)
                 	LDI  R@1,HIGH(@2)
                 	.ENDM
                 
                 	.MACRO __POINTBRMN
                 	LDI  R@0,LOW(@1+(@2))
                 	.ENDM
                 
                 	.MACRO __POINTWRMN
                 	LDI  R@0,LOW(@2+(@3))
                 	LDI  R@1,HIGH(@2+(@3))
                 	.ENDM
                 
                 	.MACRO __POINTWRFN
                 	LDI  R@0,LOW(@2*2+(@3))
                 	LDI  R@1,HIGH(@2*2+(@3))
                 	.ENDM
                 
                 	.MACRO __GETD1N
                 	LDI  R30,LOW(@0)
                 	LDI  R31,HIGH(@0)
                 	LDI  R22,BYTE3(@0)
                 	LDI  R23,BYTE4(@0)
                 	.ENDM
                 
                 	.MACRO __GETD2N
                 	LDI  R26,LOW(@0)
                 	LDI  R27,HIGH(@0)
                 	LDI  R24,BYTE3(@0)
                 	LDI  R25,BYTE4(@0)
                 	.ENDM
                 
                 	.MACRO __GETB1MN
                 	LDS  R30,@0+(@1)
                 	.ENDM
                 
                 	.MACRO __GETB1HMN
                 	LDS  R31,@0+(@1)
                 	.ENDM
                 
                 	.MACRO __GETW1MN
                 	LDS  R30,@0+(@1)
                 	LDS  R31,@0+(@1)+1
                 	.ENDM
                 
                 	.MACRO __GETD1MN
                 	LDS  R30,@0+(@1)
                 	LDS  R31,@0+(@1)+1
                 	LDS  R22,@0+(@1)+2
                 	LDS  R23,@0+(@1)+3
                 	.ENDM
                 
                 	.MACRO __GETBRMN
                 	LDS  R@0,@1+(@2)
                 	.ENDM
                 
                 	.MACRO __GETWRMN
                 	LDS  R@0,@2+(@3)
                 	LDS  R@1,@2+(@3)+1
                 	.ENDM
                 
                 	.MACRO __GETWRZ
                 	LDD  R@0,Z+@2
                 	LDD  R@1,Z+@2+1
                 	.ENDM
                 
                 	.MACRO __GETD2Z
                 	LDD  R26,Z+@0
                 	LDD  R27,Z+@0+1
                 	LDD  R24,Z+@0+2
                 	LDD  R25,Z+@0+3
                 	.ENDM
                 
                 	.MACRO __GETB2MN
                 	LDS  R26,@0+(@1)
                 	.ENDM
                 
                 	.MACRO __GETW2MN
                 	LDS  R26,@0+(@1)
                 	LDS  R27,@0+(@1)+1
                 	.ENDM
                 
                 	.MACRO __GETD2MN
                 	LDS  R26,@0+(@1)
                 	LDS  R27,@0+(@1)+1
                 	LDS  R24,@0+(@1)+2
                 	LDS  R25,@0+(@1)+3
                 	.ENDM
                 
                 	.MACRO __PUTB1MN
                 	STS  @0+(@1),R30
                 	.ENDM
                 
                 	.MACRO __PUTW1MN
                 	STS  @0+(@1),R30
                 	STS  @0+(@1)+1,R31
                 	.ENDM
                 
                 	.MACRO __PUTD1MN
                 	STS  @0+(@1),R30
                 	STS  @0+(@1)+1,R31
                 	STS  @0+(@1)+2,R22
                 	STS  @0+(@1)+3,R23
                 	.ENDM
                 
                 	.MACRO __PUTB1EN
                 	LDI  R26,LOW(@0+(@1))
                 	LDI  R27,HIGH(@0+(@1))
                 	CALL __EEPROMWRB
                 	.ENDM
                 
                 	.MACRO __PUTW1EN
                 	LDI  R26,LOW(@0+(@1))
                 	LDI  R27,HIGH(@0+(@1))
                 	CALL __EEPROMWRW
                 	.ENDM
                 
                 	.MACRO __PUTD1EN
                 	LDI  R26,LOW(@0+(@1))
                 	LDI  R27,HIGH(@0+(@1))
                 	CALL __EEPROMWRD
                 	.ENDM
                 
                 	.MACRO __PUTBR0MN
                 	STS  @0+(@1),R0
                 	.ENDM
                 
                 	.MACRO __PUTBMRN
                 	STS  @0+(@1),R@2
                 	.ENDM
                 
                 	.MACRO __PUTWMRN
                 	STS  @0+(@1),R@2
                 	STS  @0+(@1)+1,R@3
                 	.ENDM
                 
                 	.MACRO __PUTBZR
                 	STD  Z+@1,R@0
                 	.ENDM
                 
                 	.MACRO __PUTWZR
                 	STD  Z+@2,R@0
                 	STD  Z+@2+1,R@1
                 	.ENDM
                 
                 	.MACRO __GETW1R
                 	MOV  R30,R@0
                 	MOV  R31,R@1
                 	.ENDM
                 
                 	.MACRO __GETW2R
                 	MOV  R26,R@0
                 	MOV  R27,R@1
                 	.ENDM
                 
                 	.MACRO __GETWRN
                 	LDI  R@0,LOW(@2)
                 	LDI  R@1,HIGH(@2)
                 	.ENDM
                 
                 	.MACRO __PUTW1R
                 	MOV  R@0,R30
                 	MOV  R@1,R31
                 	.ENDM
                 
                 	.MACRO __PUTW2R
                 	MOV  R@0,R26
                 	MOV  R@1,R27
                 	.ENDM
                 
                 	.MACRO __ADDWRN
                 	SUBI R@0,LOW(-@2)
                 	SBCI R@1,HIGH(-@2)
                 	.ENDM
                 
                 	.MACRO __ADDWRR
                 	ADD  R@0,R@2
                 	ADC  R@1,R@3
                 	.ENDM
                 
                 	.MACRO __SUBWRN
                 	SUBI R@0,LOW(@2)
                 	SBCI R@1,HIGH(@2)
                 	.ENDM
                 
                 	.MACRO __SUBWRR
                 	SUB  R@0,R@2
                 	SBC  R@1,R@3
                 	.ENDM
                 
                 	.MACRO __ANDWRN
                 	ANDI R@0,LOW(@2)
                 	ANDI R@1,HIGH(@2)
                 	.ENDM
                 
                 	.MACRO __ANDWRR
                 	AND  R@0,R@2
                 	AND  R@1,R@3
                 	.ENDM
                 
                 	.MACRO __ORWRN
                 	ORI  R@0,LOW(@2)
                 	ORI  R@1,HIGH(@2)
                 	.ENDM
                 
                 	.MACRO __ORWRR
                 	OR   R@0,R@2
                 	OR   R@1,R@3
                 	.ENDM
                 
                 	.MACRO __EORWRR
                 	EOR  R@0,R@2
                 	EOR  R@1,R@3
                 	.ENDM
                 
                 	.MACRO __GETWRS
                 	LDD  R@0,Y+@2
                 	LDD  R@1,Y+@2+1
                 	.ENDM
                 
                 	.MACRO __PUTBSR
                 	STD  Y+@1,R@0
                 	.ENDM
                 
                 	.MACRO __PUTWSR
                 	STD  Y+@2,R@0
                 	STD  Y+@2+1,R@1
                 	.ENDM
                 
                 	.MACRO __MOVEWRR
                 	MOV  R@0,R@2
                 	MOV  R@1,R@3
                 	.ENDM
                 
                 	.MACRO __INWR
                 	IN   R@0,@2
                 	IN   R@1,@2+1
                 	.ENDM
                 
                 	.MACRO __OUTWR
                 	OUT  @2+1,R@1
                 	OUT  @2,R@0
                 	.ENDM
                 
                 	.MACRO __CALL1MN
                 	LDS  R30,@0+(@1)
                 	LDS  R31,@0+(@1)+1
                 	ICALL
                 	.ENDM
                 
                 	.MACRO __CALL1FN
                 	LDI  R30,LOW(2*@0+(@1))
                 	LDI  R31,HIGH(2*@0+(@1))
                 	CALL __GETW1PF
                 	ICALL
                 	.ENDM
                 
                 	.MACRO __CALL2EN
                 	PUSH R26
                 	PUSH R27
                 	LDI  R26,LOW(@0+(@1))
                 	LDI  R27,HIGH(@0+(@1))
                 	CALL __EEPROMRDW
                 	POP  R27
                 	POP  R26
                 	ICALL
                 	.ENDM
                 
                 	.MACRO __CALL2EX
                 	SUBI R26,LOW(-@0)
                 	SBCI R27,HIGH(-@0)
                 	CALL __EEPROMRDD
                 	ICALL
                 	.ENDM
                 
                 	.MACRO __GETW1STACK
                 	IN   R30,SPL
                 	IN   R31,SPH
                 	ADIW R30,@0+1
                 	LD   R0,Z+
                 	LD   R31,Z
                 	MOV  R30,R0
                 	.ENDM
                 
                 	.MACRO __GETD1STACK
                 	IN   R30,SPL
                 	IN   R31,SPH
                 	ADIW R30,@0+1
                 	LD   R0,Z+
                 	LD   R1,Z+
                 	LD   R22,Z
                 	MOVW R30,R0
                 	.ENDM
                 
                 	.MACRO __NBST
                 	BST  R@0,@1
                 	IN   R30,SREG
                 	LDI  R31,0x40
                 	EOR  R30,R31
                 	OUT  SREG,R30
                 	.ENDM
                 
                 
                 	.MACRO __PUTB1SN
                 	LDD  R26,Y+@0
                 	LDD  R27,Y+@0+1
                 	SUBI R26,LOW(-@1)
                 	SBCI R27,HIGH(-@1)
                 	ST   X,R30
                 	.ENDM
                 
                 	.MACRO __PUTW1SN
                 	LDD  R26,Y+@0
                 	LDD  R27,Y+@0+1
                 	SUBI R26,LOW(-@1)
                 	SBCI R27,HIGH(-@1)
                 	ST   X+,R30
                 	ST   X,R31
                 	.ENDM
                 
                 	.MACRO __PUTD1SN
                 	LDD  R26,Y+@0
                 	LDD  R27,Y+@0+1
                 	SUBI R26,LOW(-@1)
                 	SBCI R27,HIGH(-@1)
                 	ST   X+,R30
                 	ST   X+,R31
                 	ST   X+,R22
                 	ST   X,R23
                 	.ENDM
                 
                 	.MACRO __PUTB1SNS
                 	LDD  R26,Y+@0
                 	LDD  R27,Y+@0+1
                 	ADIW R26,@1
                 	ST   X,R30
                 	.ENDM
                 
                 	.MACRO __PUTW1SNS
                 	LDD  R26,Y+@0
                 	LDD  R27,Y+@0+1
                 	ADIW R26,@1
                 	ST   X+,R30
                 	ST   X,R31
                 	.ENDM
                 
                 	.MACRO __PUTD1SNS
                 	LDD  R26,Y+@0
                 	LDD  R27,Y+@0+1
                 	ADIW R26,@1
                 	ST   X+,R30
                 	ST   X+,R31
                 	ST   X+,R22
                 	ST   X,R23
                 	.ENDM
                 
                 	.MACRO __PUTB1PMN
                 	LDS  R26,@0
                 	LDS  R27,@0+1
                 	SUBI R26,LOW(-@1)
                 	SBCI R27,HIGH(-@1)
                 	ST   X,R30
                 	.ENDM
                 
                 	.MACRO __PUTW1PMN
                 	LDS  R26,@0
                 	LDS  R27,@0+1
                 	SUBI R26,LOW(-@1)
                 	SBCI R27,HIGH(-@1)
                 	ST   X+,R30
                 	ST   X,R31
                 	.ENDM
                 
                 	.MACRO __PUTD1PMN
                 	LDS  R26,@0
                 	LDS  R27,@0+1
                 	SUBI R26,LOW(-@1)
                 	SBCI R27,HIGH(-@1)
                 	ST   X+,R30
                 	ST   X+,R31
                 	ST   X+,R22
                 	ST   X,R23
                 	.ENDM
                 
                 	.MACRO __PUTB1PMNS
                 	LDS  R26,@0
                 	LDS  R27,@0+1
                 	ADIW R26,@1
                 	ST   X,R30
                 	.ENDM
                 
                 	.MACRO __PUTW1PMNS
                 	LDS  R26,@0
                 	LDS  R27,@0+1
                 	ADIW R26,@1
                 	ST   X+,R30
                 	ST   X,R31
                 	.ENDM
                 
                 	.MACRO __PUTD1PMNS
                 	LDS  R26,@0
                 	LDS  R27,@0+1
                 	ADIW R26,@1
                 	ST   X+,R30
                 	ST   X+,R31
                 	ST   X+,R22
                 	ST   X,R23
                 	.ENDM
                 
                 	.MACRO __PUTB1RN
                 	MOVW R26,R@0
                 	SUBI R26,LOW(-@1)
                 	SBCI R27,HIGH(-@1)
                 	ST   X,R30
                 	.ENDM
                 
                 	.MACRO __PUTW1RN
                 	MOVW R26,R@0
                 	SUBI R26,LOW(-@1)
                 	SBCI R27,HIGH(-@1)
                 	ST   X+,R30
                 	ST   X,R31
                 	.ENDM
                 
                 	.MACRO __PUTD1RN
                 	MOVW R26,R@0
                 	SUBI R26,LOW(-@1)
                 	SBCI R27,HIGH(-@1)
                 	ST   X+,R30
                 	ST   X+,R31
                 	ST   X+,R22
                 	ST   X,R23
                 	.ENDM
                 
                 	.MACRO __PUTB1RNS
                 	MOVW R26,R@0
                 	ADIW R26,@1
                 	ST   X,R30
                 	.ENDM
                 
                 	.MACRO __PUTW1RNS
                 	MOVW R26,R@0
                 	ADIW R26,@1
                 	ST   X+,R30
                 	ST   X,R31
                 	.ENDM
                 
                 	.MACRO __PUTD1RNS
                 	MOVW R26,R@0
                 	ADIW R26,@1
                 	ST   X+,R30
                 	ST   X+,R31
                 	ST   X+,R22
                 	ST   X,R23
                 	.ENDM
                 
                 	.MACRO __PUTB1RON
                 	MOV  R26,R@0
                 	MOV  R27,R@1
                 	SUBI R26,LOW(-@2)
                 	SBCI R27,HIGH(-@2)
                 	ST   X,R30
                 	.ENDM
                 
                 	.MACRO __PUTW1RON
                 	MOV  R26,R@0
                 	MOV  R27,R@1
                 	SUBI R26,LOW(-@2)
                 	SBCI R27,HIGH(-@2)
                 	ST   X+,R30
                 	ST   X,R31
                 	.ENDM
                 
                 	.MACRO __PUTD1RON
                 	MOV  R26,R@0
                 	MOV  R27,R@1
                 	SUBI R26,LOW(-@2)
                 	SBCI R27,HIGH(-@2)
                 	ST   X+,R30
                 	ST   X+,R31
                 	ST   X+,R22
                 	ST   X,R23
                 	.ENDM
                 
                 	.MACRO __PUTB1RONS
                 	MOV  R26,R@0
                 	MOV  R27,R@1
                 	ADIW R26,@2
                 	ST   X,R30
                 	.ENDM
                 
                 	.MACRO __PUTW1RONS
                 	MOV  R26,R@0
                 	MOV  R27,R@1
                 	ADIW R26,@2
                 	ST   X+,R30
                 	ST   X,R31
                 	.ENDM
                 
                 	.MACRO __PUTD1RONS
                 	MOV  R26,R@0
                 	MOV  R27,R@1
                 	ADIW R26,@2
                 	ST   X+,R30
                 	ST   X+,R31
                 	ST   X+,R22
                 	ST   X,R23
                 	.ENDM
                 
                 
                 	.MACRO __GETB1SX
                 	MOVW R30,R28
                 	SUBI R30,LOW(-@0)
                 	SBCI R31,HIGH(-@0)
                 	LD   R30,Z
                 	.ENDM
                 
                 	.MACRO __GETB1HSX
                 	MOVW R30,R28
                 	SUBI R30,LOW(-@0)
                 	SBCI R31,HIGH(-@0)
                 	LD   R31,Z
                 	.ENDM
                 
                 	.MACRO __GETW1SX
                 	MOVW R30,R28
                 	SUBI R30,LOW(-@0)
                 	SBCI R31,HIGH(-@0)
                 	CALL __GETW1Z
                 	.ENDM
                 
                 	.MACRO __GETD1SX
                 	MOVW R30,R28
                 	SUBI R30,LOW(-@0)
                 	SBCI R31,HIGH(-@0)
                 	CALL __GETD1Z
                 	.ENDM
                 
                 	.MACRO __GETB2SX
                 	MOVW R26,R28
                 	SUBI R26,LOW(-@0)
                 	SBCI R27,HIGH(-@0)
                 	LD   R26,X
                 	.ENDM
                 
                 	.MACRO __GETW2SX
                 	MOVW R26,R28
                 	SUBI R26,LOW(-@0)
                 	SBCI R27,HIGH(-@0)
                 	CALL __GETW2X
                 	.ENDM
                 
                 	.MACRO __GETD2SX
                 	MOVW R26,R28
                 	SUBI R26,LOW(-@0)
                 	SBCI R27,HIGH(-@0)
                 	CALL __GETD2X
                 	.ENDM
                 
                 	.MACRO __GETBRSX
                 	MOVW R30,R28
                 	SUBI R30,LOW(-@1)
                 	SBCI R31,HIGH(-@1)
                 	LD   R@0,Z
                 	.ENDM
                 
                 	.MACRO __GETWRSX
                 	MOVW R30,R28
                 	SUBI R30,LOW(-@2)
                 	SBCI R31,HIGH(-@2)
                 	LD   R@0,Z+
                 	LD   R@1,Z
                 	.ENDM
                 
                 	.MACRO __GETBRSX2
                 	MOVW R26,R28
                 	SUBI R26,LOW(-@1)
                 	SBCI R27,HIGH(-@1)
                 	LD   R@0,X
                 	.ENDM
                 
                 	.MACRO __GETWRSX2
                 	MOVW R26,R28
                 	SUBI R26,LOW(-@2)
                 	SBCI R27,HIGH(-@2)
                 	LD   R@0,X+
                 	LD   R@1,X
                 	.ENDM
                 
                 	.MACRO __LSLW8SX
                 	MOVW R30,R28
                 	SUBI R30,LOW(-@0)
                 	SBCI R31,HIGH(-@0)
                 	LD   R31,Z
                 	CLR  R30
                 	.ENDM
                 
                 	.MACRO __PUTB1SX
                 	MOVW R26,R28
                 	SUBI R26,LOW(-@0)
                 	SBCI R27,HIGH(-@0)
                 	ST   X,R30
                 	.ENDM
                 
                 	.MACRO __PUTW1SX
                 	MOVW R26,R28
                 	SUBI R26,LOW(-@0)
                 	SBCI R27,HIGH(-@0)
                 	ST   X+,R30
                 	ST   X,R31
                 	.ENDM
                 
                 	.MACRO __PUTD1SX
                 	MOVW R26,R28
                 	SUBI R26,LOW(-@0)
                 	SBCI R27,HIGH(-@0)
                 	ST   X+,R30
                 	ST   X+,R31
                 	ST   X+,R22
                 	ST   X,R23
                 	.ENDM
                 
                 	.MACRO __CLRW1SX
                 	MOVW R26,R28
                 	SUBI R26,LOW(-@0)
                 	SBCI R27,HIGH(-@0)
                 	ST   X+,R30
                 	ST   X,R30
                 	.ENDM
                 
                 	.MACRO __CLRD1SX
                 	MOVW R26,R28
                 	SUBI R26,LOW(-@0)
                 	SBCI R27,HIGH(-@0)
                 	ST   X+,R30
                 	ST   X+,R30
                 	ST   X+,R30
                 	ST   X,R30
                 	.ENDM
                 
                 	.MACRO __PUTB2SX
                 	MOVW R30,R28
                 	SUBI R30,LOW(-@0)
                 	SBCI R31,HIGH(-@0)
                 	ST   Z,R26
                 	.ENDM
                 
                 	.MACRO __PUTW2SX
                 	MOVW R30,R28
                 	SUBI R30,LOW(-@0)
                 	SBCI R31,HIGH(-@0)
                 	ST   Z+,R26
                 	ST   Z,R27
                 	.ENDM
                 
                 	.MACRO __PUTD2SX
                 	MOVW R30,R28
                 	SUBI R30,LOW(-@0)
                 	SBCI R31,HIGH(-@0)
                 	ST   Z+,R26
                 	ST   Z+,R27
                 	ST   Z+,R24
                 	ST   Z,R25
                 	.ENDM
                 
                 	.MACRO __PUTBSRX
                 	MOVW R30,R28
                 	SUBI R30,LOW(-@1)
                 	SBCI R31,HIGH(-@1)
                 	ST   Z,R@0
                 	.ENDM
                 
                 	.MACRO __PUTWSRX
                 	MOVW R30,R28
                 	SUBI R30,LOW(-@2)
                 	SBCI R31,HIGH(-@2)
                 	ST   Z+,R@0
                 	ST   Z,R@1
                 	.ENDM
                 
                 	.MACRO __PUTB1SNX
                 	MOVW R26,R28
                 	SUBI R26,LOW(-@0)
                 	SBCI R27,HIGH(-@0)
                 	LD   R0,X+
                 	LD   R27,X
                 	MOV  R26,R0
                 	SUBI R26,LOW(-@1)
                 	SBCI R27,HIGH(-@1)
                 	ST   X,R30
                 	.ENDM
                 
                 	.MACRO __PUTW1SNX
                 	MOVW R26,R28
                 	SUBI R26,LOW(-@0)
                 	SBCI R27,HIGH(-@0)
                 	LD   R0,X+
                 	LD   R27,X
                 	MOV  R26,R0
                 	SUBI R26,LOW(-@1)
                 	SBCI R27,HIGH(-@1)
                 	ST   X+,R30
                 	ST   X,R31
                 	.ENDM
                 
                 	.MACRO __PUTD1SNX
                 	MOVW R26,R28
                 	SUBI R26,LOW(-@0)
                 	SBCI R27,HIGH(-@0)
                 	LD   R0,X+
                 	LD   R27,X
                 	MOV  R26,R0
                 	SUBI R26,LOW(-@1)
                 	SBCI R27,HIGH(-@1)
                 	ST   X+,R30
                 	ST   X+,R31
                 	ST   X+,R22
                 	ST   X,R23
                 	.ENDM
                 
                 	.MACRO __MULBRR
                 	MULS R@0,R@1
                 	MOVW R30,R0
                 	.ENDM
                 
                 	.MACRO __MULBRRU
                 	MUL  R@0,R@1
                 	MOVW R30,R0
                 	.ENDM
                 
                 	.MACRO __MULBRR0
                 	MULS R@0,R@1
                 	.ENDM
                 
                 	.MACRO __MULBRRU0
                 	MUL  R@0,R@1
                 	.ENDM
                 
                 	.MACRO __MULBNWRU
                 	LDI  R26,@2
                 	MUL  R26,R@0
                 	MOVW R30,R0
                 	MUL  R26,R@1
                 	ADD  R31,R0
                 	.ENDM
                 
                 ;NAME DEFINITIONS FOR GLOBAL VARIABLES ALLOCATED TO REGISTERS
                 	.DEF _counter0=R3
                 	.DEF _counter0_msb=R4
                 	.DEF _rxdata=R6
                 
                 ;GPIOR0 INITIALIZATION VALUE
                 	.EQU __GPIOR0_INIT=0x00
                 
                 	.CSEG
                 	.ORG 0x00
                 
                 ;START OF CODE MARKER
                 __START_OF_CODE:
                 
                 ;INTERRUPT VECTORS
000000 940c 0042 	JMP  __RESET
000002 940c 0000 	JMP  0x00
000004 940c 0000 	JMP  0x00
000006 940c 0000 	JMP  0x00
000008 940c 0000 	JMP  0x00
00000a 940c 0000 	JMP  0x00
00000c 940c 0000 	JMP  0x00
00000e 940c 0000 	JMP  0x00
000010 940c 0000 	JMP  0x00
000012 940c 0000 	JMP  0x00
000014 940c 0000 	JMP  0x00
000016 940c 0000 	JMP  0x00
000018 940c 0000 	JMP  0x00
00001a 940c 00bc 	JMP  _timer1_ovf_isr
00001c 940c 0000 	JMP  0x00
00001e 940c 0000 	JMP  0x00
000020 940c 0000 	JMP  0x00
000022 940c 0000 	JMP  0x00
000024 940c 0000 	JMP  0x00
000026 940c 0000 	JMP  0x00
000028 940c 0000 	JMP  0x00
00002a 940c 0000 	JMP  0x00
00002c 940c 0000 	JMP  0x00
00002e 940c 0000 	JMP  0x00
000030 940c 0000 	JMP  0x00
000032 940c 0000 	JMP  0x00
                 
                 _tbl10_G100:
000034 2710
000035 03e8
000036 0064
000037 000a      	.DB  0x10,0x27,0xE8,0x3,0x64,0x0,0xA,0x0
000038 0001      	.DB  0x1,0x0
                 _tbl16_G100:
000039 1000
00003a 0100
00003b 0010
00003c 0001      	.DB  0x0,0x10,0x0,0x1,0x10,0x0,0x1,0x0
                 
                 ;GLOBAL REGISTER VARIABLES INITIALIZATION
                 __REG_VARS:
00003d 0000      	.DB  0x0,0x0
                 
                 
                 __GLOBAL_INI_TBL:
00003e 0002      	.DW  0x02
00003f 0003      	.DW  0x03
000040 007a      	.DW  __REG_VARS*2
                 
                 _0xFFFFFFFF:
000041 0000      	.DW  0
                 
                 #define __GLOBAL_INI_TBL_PRESENT 1
                 
                 __RESET:
000042 94f8      	CLI
000043 27ee      	CLR  R30
000044 bbef      	OUT  EECR,R30
                 
                 ;INTERRUPT VECTORS ARE PLACED
                 ;AT THE START OF FLASH
000045 e0f1      	LDI  R31,1
000046 bff5      	OUT  MCUCR,R31
000047 bfe5      	OUT  MCUCR,R30
                 
                 ;CLEAR R2-R14
000048 e08d      	LDI  R24,(14-2)+1
000049 e0a2      	LDI  R26,2
00004a 27bb      	CLR  R27
                 __CLEAR_REG:
00004b 93ed      	ST   X+,R30
00004c 958a      	DEC  R24
00004d f7e9      	BRNE __CLEAR_REG
                 
                 ;CLEAR SRAM
00004e e080      	LDI  R24,LOW(__CLEAR_SRAM_SIZE)
00004f e098      	LDI  R25,HIGH(__CLEAR_SRAM_SIZE)
000050 e0a0      	LDI  R26,LOW(__SRAM_START)
000051 e0b1      	LDI  R27,HIGH(__SRAM_START)
                 __CLEAR_SRAM:
000052 93ed      	ST   X+,R30
000053 9701      	SBIW R24,1
000054 f7e9      	BRNE __CLEAR_SRAM
                 
                 ;GLOBAL VARIABLES INITIALIZATION
000055 e7ec      	LDI  R30,LOW(__GLOBAL_INI_TBL*2)
000056 e0f0      	LDI  R31,HIGH(__GLOBAL_INI_TBL*2)
                 __GLOBAL_INI_NEXT:
000057 9185      	LPM  R24,Z+
000058 9195      	LPM  R25,Z+
000059 9700      	SBIW R24,0
00005a f061      	BREQ __GLOBAL_INI_END
00005b 91a5      	LPM  R26,Z+
00005c 91b5      	LPM  R27,Z+
00005d 9005      	LPM  R0,Z+
00005e 9015      	LPM  R1,Z+
00005f 01bf      	MOVW R22,R30
000060 01f0      	MOVW R30,R0
                 __GLOBAL_INI_LOOP:
000061 9005      	LPM  R0,Z+
000062 920d      	ST   X+,R0
000063 9701      	SBIW R24,1
000064 f7e1      	BRNE __GLOBAL_INI_LOOP
000065 01fb      	MOVW R30,R22
000066 cff0      	RJMP __GLOBAL_INI_NEXT
                 __GLOBAL_INI_END:
                 
                 ;GPIOR0 INITIALIZATION
000067 e0e0      	LDI  R30,__GPIOR0_INIT
000068 bbee      	OUT  GPIOR0,R30
                 
                 ;HARDWARE STACK POINTER INITIALIZATION
000069 efef      	LDI  R30,LOW(__SRAM_END-__HEAP_SIZE)
00006a bfed      	OUT  SPL,R30
00006b e0e8      	LDI  R30,HIGH(__SRAM_END-__HEAP_SIZE)
00006c bfee      	OUT  SPH,R30
                 
                 ;DATA STACK POINTER INITIALIZATION
00006d e0c0      	LDI  R28,LOW(__SRAM_START+__DSTACK_SIZE)
00006e e0d3      	LDI  R29,HIGH(__SRAM_START+__DSTACK_SIZE)
                 
00006f 940c 00e8 	JMP  _main
                 
                 	.ESEG
                 	.ORG 0x00
                 
                 	.DSEG
                 	.ORG 0x300
                 
                 	.CSEG
                 	#ifndef __SLEEP_DEFINED__
                 	#define __SLEEP_DEFINED__
                 	.EQU __se_bit=0x01
                 	.EQU __sm_mask=0x0E
                 	.EQU __sm_adc_noise_red=0x02
                 	.EQU __sm_powerdown=0x04
                 	.EQU __sm_powersave=0x06
                 	.EQU __sm_standby=0x0C
                 	.EQU __sm_ext_standby=0x0E
                 	.SET power_ctrl_reg=smcr
                 	#endif
                 ;void uart_init(void)
                 ; 0000 0012 {
                 
                 	.CSEG
                 _uart_init:
                 ; .FSTART _uart_init
                 ; 0000 0013 UBRR0H = (UBRR_VALUE >> 8);
000071 e0e0      	LDI  R30,LOW(0)
000072 93e0 00c5 	STS  197,R30
                 ; 0000 0014 UBRR0L = UBRR_VALUE;
000074 e6e7      	LDI  R30,LOW(103)
000075 93e0 00c4 	STS  196,R30
                 ; 0000 0015 UCSR0C = 0b00000110;
000077 e0e6      	LDI  R30,LOW(6)
000078 93e0 00c2 	STS  194,R30
                 ; 0000 0016 UCSR0B = 0b10011000;
00007a e9e8      	LDI  R30,LOW(152)
00007b 93e0 00c1 	STS  193,R30
                 ; 0000 0017 }
00007d 9508      	RET
                 ; .FEND
                 ;void uart_transmit(unsigned char data)
                 ; 0000 001B {
                 _uart_transmit:
                 ; .FSTART _uart_transmit
                 ; 0000 001C while(!(UCSR0A & 0b00100000));
00007e 931a      	ST   -Y,R17
00007f 2f1a      	MOV  R17,R26
                 ;	data -> R17
                 _0x3:
000080 91e0 00c0 	LDS  R30,192
000082 72e0      	ANDI R30,LOW(0x20)
000083 f3e1      	BREQ _0x3
                 ; 0000 001D 
                 ; 0000 001E UDR0 = data;
000084 9310 00c6 	STS  198,R17
                 ; 0000 001F }
000086 9119      	LD   R17,Y+
000087 9508      	RET
                 ; .FEND
                 ;void putint(unsigned int value)
                 ; 0000 0022 {
                 _putint:
                 ; .FSTART _putint
                 ; 0000 0023 unsigned char buf[8];
                 ; 0000 0024 int index = 0, i, j;
                 ; 0000 0025 j = value;
000088 93ba      	ST   -Y,R27
000089 93aa      	ST   -Y,R26
00008a 9728      	SBIW R28,8
00008b d07e      	RCALL __SAVELOCR6
                 ;	value -> Y+14
                 ;	buf -> Y+6
                 ;	index -> R16,R17
                 ;	i -> R18,R19
                 ;	j -> R20,R21
                +
00008c e000     +LDI R16 , LOW ( 0 )
00008d e010     +LDI R17 , HIGH ( 0 )
                 	__GETWRN 16,17,0
                +
00008e 854e     +LDD R20 , Y + 14
00008f 855f     +LDD R21 , Y + 14 + 1
                 	__GETWRS 20,21,14
                 ; 0000 0026 do
                 _0x7:
                 ; 0000 0027 {
                 ; 0000 0028 buf[index] = j % 10 + 48;
000090 01f8      	MOVW R30,R16
000091 01de      	MOVW R26,R28
000092 9616      	ADIW R26,6
000093 0fea      	ADD  R30,R26
000094 1ffb      	ADC  R31,R27
000095 01bf      	MOVW R22,R30
000096 01da      	MOVW R26,R20
000097 e0ea      	LDI  R30,LOW(10)
000098 e0f0      	LDI  R31,HIGH(10)
000099 d09a      	RCALL __MODW21
00009a 5de0      	SUBI R30,-LOW(48)
00009b 01db      	MOVW R26,R22
00009c 93ec      	ST   X,R30
                 ; 0000 0029 j = j / 10;
00009d 01da      	MOVW R26,R20
00009e e0ea      	LDI  R30,LOW(10)
00009f e0f0      	LDI  R31,HIGH(10)
0000a0 d08e      	RCALL __DIVW21
0000a1 01af      	MOVW R20,R30
                 ; 0000 002A index += 1;
                +
0000a2 5f0f     +SUBI R16 , LOW ( - 1 )
0000a3 4f1f     +SBCI R17 , HIGH ( - 1 )
                 	__ADDWRN 16,17,1
                 ; 0000 002B }
                 ; 0000 002C while(j);
0000a4 2e04      	MOV  R0,R20
0000a5 2a05      	OR   R0,R21
0000a6 f749      	BRNE _0x7
                 ; 0000 002D for (i = index; i > 0; i--)
0000a7 0198      	MOVW R18,R16
                 _0xA:
0000a8 2400      	CLR  R0
0000a9 1602      	CP   R0,R18
0000aa 0603      	CPC  R0,R19
0000ab f45c      	BRGE _0xB
                 ; 0000 002E uart_transmit(buf[i - 1]);
0000ac 01f9      	MOVW R30,R18
0000ad 9731      	SBIW R30,1
0000ae 01de      	MOVW R26,R28
0000af 9616      	ADIW R26,6
0000b0 0fae      	ADD  R26,R30
0000b1 1fbf      	ADC  R27,R31
0000b2 91ac      	LD   R26,X
0000b3 dfca      	RCALL _uart_transmit
                +
0000b4 5021     +SUBI R18 , LOW ( 1 )
0000b5 4030     +SBCI R19 , HIGH ( 1 )
                 	__SUBWRN 18,19,1
0000b6 cff1      	RJMP _0xA
                 _0xB:
                 ; 0000 002F uart_transmit('\r');
0000b7 e0ad      	LDI  R26,LOW(13)
0000b8 dfc5      	RCALL _uart_transmit
                 ; 0000 0030 }
0000b9 d057      	RCALL __LOADLOCR6
0000ba 9660      	ADIW R28,16
0000bb 9508      	RET
                 ; .FEND
                 ;interrupt [14] void timer1_ovf_isr(void)
                 ; 0000 0032 {
                 _timer1_ovf_isr:
                 ; .FSTART _timer1_ovf_isr
0000bc 920a      	ST   -Y,R0
0000bd 921a      	ST   -Y,R1
0000be 92fa      	ST   -Y,R15
0000bf 936a      	ST   -Y,R22
0000c0 937a      	ST   -Y,R23
0000c1 938a      	ST   -Y,R24
0000c2 939a      	ST   -Y,R25
0000c3 93aa      	ST   -Y,R26
0000c4 93ba      	ST   -Y,R27
0000c5 93ea      	ST   -Y,R30
0000c6 93fa      	ST   -Y,R31
0000c7 b7ef      	IN   R30,SREG
0000c8 93ea      	ST   -Y,R30
                 ; 0000 0033 //if (counter0 >= 256)
                 ; 0000 0034 //	{
                 ; 0000 0035 //	TCNT0 = 0;
                 ; 0000 0036 
                 ; 0000 0037 if(check == 0)
0000c9 91e0 0300 	LDS  R30,_check
0000cb 30e0      	CPI  R30,0
0000cc f441      	BRNE _0xC
                 ; 0000 0038 {
                 ; 0000 0039 putint(TCNT0);
0000cd b5e6      	IN   R30,0x26
0000ce e0f0      	LDI  R31,0
0000cf 01df      	MOVW R26,R30
0000d0 dfb7      	RCALL _putint
                 ; 0000 003A PORTB.5 = 1;
0000d1 9a2d      	SBI  0x5,5
                 ; 0000 003B TCNT1H = 0xE1;
0000d2 d030      	RCALL SUBOPT_0x0
                 ; 0000 003C TCNT1L = 0x7B;
                 ; 0000 003D check = 1;
0000d3 e0e1      	LDI  R30,LOW(1)
0000d4 c003      	RJMP _0x16
                 ; 0000 003E }
                 ; 0000 003F else{
                 _0xC:
                 ; 0000 0040 PORTB.5 = 0;
0000d5 982d      	CBI  0x5,5
                 ; 0000 0041 TCNT1H = 0xE1;
0000d6 d02c      	RCALL SUBOPT_0x0
                 ; 0000 0042 TCNT1L = 0x7B;
                 ; 0000 0043 check = 0;
0000d7 e0e0      	LDI  R30,LOW(0)
                 _0x16:
0000d8 93e0 0300 	STS  _check,R30
                 ; 0000 0044 }
                 ; 0000 0045 //else
                 ; 0000 0046 //	counter0 = 0;
                 ; 0000 0047 }
0000da 91e9      	LD   R30,Y+
0000db bfef      	OUT  SREG,R30
0000dc 91f9      	LD   R31,Y+
0000dd 91e9      	LD   R30,Y+
0000de 91b9      	LD   R27,Y+
0000df 91a9      	LD   R26,Y+
0000e0 9199      	LD   R25,Y+
0000e1 9189      	LD   R24,Y+
0000e2 9179      	LD   R23,Y+
0000e3 9169      	LD   R22,Y+
0000e4 90f9      	LD   R15,Y+
0000e5 9019      	LD   R1,Y+
0000e6 9009      	LD   R0,Y+
0000e7 9518      	RETI
                 ; .FEND
                 ;void main(void)
                 ; 0000 004A {
                 _main:
                 ; .FSTART _main
                 ; 0000 004B uart_init(); // Kh?i t?o UART
0000e8 df88      	RCALL _uart_init
                 ; 0000 004C CLKPR = (1 << CLKPCE);
0000e9 e8e0      	LDI  R30,LOW(128)
0000ea 93e0 0061 	STS  97,R30
                 ; 0000 004D CLKPR = 0b00000000;      // Dat he so chia la 1
0000ec e0e0      	LDI  R30,LOW(0)
0000ed 93e0 0061 	STS  97,R30
                 ; 0000 004E DDRB |= 0b00100000;
0000ef 9a25      	SBI  0x4,5
                 ; 0000 004F PORTB &= 0b11011111;
0000f0 982d      	CBI  0x5,5
                 ; 0000 0050 TCCR1A = 0b00000000;
0000f1 93e0 0080 	STS  128,R30
                 ; 0000 0051 TCCR1B = 0b00000101;
0000f3 e0e5      	LDI  R30,LOW(5)
0000f4 93e0 0081 	STS  129,R30
                 ; 0000 0052 TCNT1H = 0xE1;
0000f6 d00c      	RCALL SUBOPT_0x0
                 ; 0000 0053 TCNT1L = 0x7B;
                 ; 0000 0054 TCCR0A = 0b00000000;
0000f7 e0e0      	LDI  R30,LOW(0)
0000f8 bde4      	OUT  0x24,R30
                 ; 0000 0055 TCCR0B = (1 << CS02) | (1 << CS00); // C?u hnh Timer0 ch?y ? ch? d? b? chia t?n 256
0000f9 e0e5      	LDI  R30,LOW(5)
0000fa bde5      	OUT  0x25,R30
                 ; 0000 0056 TCNT0 = 244;//Reset gi tr? d?m c?a Timer0
0000fb efe4      	LDI  R30,LOW(244)
0000fc bde6      	OUT  0x26,R30
                 ; 0000 0057 //TIMSK0 = (1 << TOIE0); // B?t ng?t cho Timer0
                 ; 0000 0058 TIMSK1 = 0b00000001;
0000fd e0e1      	LDI  R30,LOW(1)
0000fe 93e0 006f 	STS  111,R30
                 ; 0000 0059 #asm("sei") // B?t ng?t ton c?c
000100 9478      	SEI
                 ; 0000 005A while (1)
                 _0x12:
                 ; 0000 005B {
                 ; 0000 005C 
                 ; 0000 005D }
000101 cfff      	RJMP _0x12
                 ; 0000 005E }
                 _0x15:
000102 cfff      	RJMP _0x15
                 ; .FEND
                 	#ifndef __SLEEP_DEFINED__
                 	#endif
                 
                 	.CSEG
                 
                 	.CSEG
                 
                 	.CSEG
                 
                 	.DSEG
                 _check:
000300           	.BYTE 0x1
                 
                 	.CSEG
                 ;OPTIMIZER ADDED SUBROUTINE, CALLED 3 TIMES, CODE SIZE REDUCTION:8 WORDS
                 SUBOPT_0x0:
000103 eee1      	LDI  R30,LOW(225)
000104 93e0 0085 	STS  133,R30
000106 e7eb      	LDI  R30,LOW(123)
000107 93e0 0084 	STS  132,R30
000109 9508      	RET
                 
                 ;RUNTIME LIBRARY
                 
                 	.CSEG
                 __SAVELOCR6:
00010a 935a      	ST   -Y,R21
                 __SAVELOCR5:
00010b 934a      	ST   -Y,R20
                 __SAVELOCR4:
00010c 933a      	ST   -Y,R19
                 __SAVELOCR3:
00010d 932a      	ST   -Y,R18
                 __SAVELOCR2:
00010e 931a      	ST   -Y,R17
00010f 930a      	ST   -Y,R16
000110 9508      	RET
                 
                 __LOADLOCR6:
000111 815d      	LDD  R21,Y+5
                 __LOADLOCR5:
000112 814c      	LDD  R20,Y+4
                 __LOADLOCR4:
000113 813b      	LDD  R19,Y+3
                 __LOADLOCR3:
000114 812a      	LDD  R18,Y+2
                 __LOADLOCR2:
000115 8119      	LDD  R17,Y+1
000116 8108      	LD   R16,Y
000117 9508      	RET
                 
                 __ANEGW1:
000118 95f1      	NEG  R31
000119 95e1      	NEG  R30
00011a 40f0      	SBCI R31,0
00011b 9508      	RET
                 
                 __DIVW21U:
00011c 2400      	CLR  R0
00011d 2411      	CLR  R1
00011e e190      	LDI  R25,16
                 __DIVW21U1:
00011f 0faa      	LSL  R26
000120 1fbb      	ROL  R27
000121 1c00      	ROL  R0
000122 1c11      	ROL  R1
000123 1a0e      	SUB  R0,R30
000124 0a1f      	SBC  R1,R31
000125 f418      	BRCC __DIVW21U2
000126 0e0e      	ADD  R0,R30
000127 1e1f      	ADC  R1,R31
000128 c001      	RJMP __DIVW21U3
                 __DIVW21U2:
000129 60a1      	SBR  R26,1
                 __DIVW21U3:
00012a 959a      	DEC  R25
00012b f799      	BRNE __DIVW21U1
00012c 01fd      	MOVW R30,R26
00012d 01d0      	MOVW R26,R0
00012e 9508      	RET
                 
                 __DIVW21:
00012f d012      	RCALL __CHKSIGNW
000130 dfeb      	RCALL __DIVW21U
000131 f40e      	BRTC __DIVW211
000132 dfe5      	RCALL __ANEGW1
                 __DIVW211:
000133 9508      	RET
                 
                 __MODW21:
000134 94e8      	CLT
000135 ffb7      	SBRS R27,7
000136 c004      	RJMP __MODW211
000137 95b1      	NEG  R27
000138 95a1      	NEG  R26
000139 40b0      	SBCI R27,0
00013a 9468      	SET
                 __MODW211:
00013b fdf7      	SBRC R31,7
00013c dfdb      	RCALL __ANEGW1
00013d dfde      	RCALL __DIVW21U
00013e 01fd      	MOVW R30,R26
00013f f40e      	BRTC __MODW212
000140 dfd7      	RCALL __ANEGW1
                 __MODW212:
000141 9508      	RET
                 
                 __CHKSIGNW:
000142 94e8      	CLT
000143 fff7      	SBRS R31,7
000144 c002      	RJMP __CHKSW1
000145 dfd2      	RCALL __ANEGW1
000146 9468      	SET
                 __CHKSW1:
000147 ffb7      	SBRS R27,7
000148 c006      	RJMP __CHKSW2
000149 95b1      	NEG  R27
00014a 95a1      	NEG  R26
00014b 40b0      	SBCI R27,0
00014c f800      	BLD  R0,0
00014d 9403      	INC  R0
00014e fa00      	BST  R0,0
                 __CHKSW2:
00014f 9508      	RET
                 
                 ;END OF CODE MARKER
                 __END_OF_CODE:


RESOURCE USE INFORMATION
------------------------

Notice:
The register and instruction counts are symbol table hit counts,
and hence implicitly used resources are not counted, eg, the
'lpm' instruction without operands implicitly uses r0 and z,
none of which are counted.

x,y,z are separate entities in the symbol table and are
counted separately from r26..r31 here.

.dseg memory usage only counts static data declared with .byte

ATmega328P register use summary:
r0 :  19 r1 :   7 r2 :   0 r3 :   0 r4 :   0 r5 :   0 r6 :   0 r7 :   0 
r8 :   0 r9 :   0 r10:   0 r11:   0 r12:   0 r13:   0 r14:   0 r15:   2 
r16:   6 r17:   8 r18:   6 r19:   4 r20:   7 r21:   4 r22:   6 r23:   2 
r24:   9 r25:   6 r26:  26 r27:  15 r28:   5 r29:   1 r30:  73 r31:  16 
x  :   5 y  :  42 z  :   7 
Registers used: 22 out of 35 (62.9%)

ATmega328P instruction use summary:
.lds  :   0 .lds.l:   0 .sts  :   0 .sts.l:   0 adc   :   3 add   :   3 
adiw  :   3 and   :   0 andi  :   1 asr   :   0 bclr  :   0 bld   :   1 
brbc  :   0 brbs  :   0 brcc  :   1 brcs  :   0 break :   0 breq  :   2 
brge  :   1 brhc  :   0 brhs  :   0 brid  :   0 brie  :   0 brlo  :   0 
brlt  :   0 brmi  :   0 brne  :   6 brpl  :   0 brsh  :   0 brtc  :   2 
brts  :   0 brvc  :   0 brvs  :   0 bset  :   0 bst   :   1 call  :   0 
cbi   :   2 cbr   :   0 clc   :   0 clh   :   0 cli   :   1 cln   :   0 
clr   :   5 cls   :   0 clt   :   2 clv   :   0 clz   :   0 com   :   0 
cp    :   1 cpc   :   1 cpi   :   1 cpse  :   0 dec   :   2 des   :   0 
eor   :   0 fmul  :   0 fmuls :   0 fmulsu:   0 icall :   0 ijmp  :   0 
in    :   2 inc   :   1 jmp   :  27 ld    :  15 ldd   :   7 ldi   :  38 
lds   :   2 lpm   :   7 lsl   :   1 lsr   :   0 mov   :   2 movw  :  17 
mul   :   0 muls  :   0 mulsu :   0 neg   :   6 nop   :   0 or    :   1 
ori   :   0 out   :  10 pop   :   0 push  :   0 rcall :  18 ret   :  11 
reti  :   1 rjmp  :   9 rol   :   3 ror   :   0 sbc   :   1 sbci  :   5 
sbi   :   2 sbic  :   0 sbis  :   0 sbiw  :   5 sbr   :   1 sbrc  :   1 
sbrs  :   3 sec   :   0 seh   :   0 sei   :   1 sen   :   0 ser   :   0 
ses   :   0 set   :   2 sev   :   0 sez   :   0 sleep :   0 spm   :   0 
st    :  25 std   :   0 sts   :  13 sub   :   1 subi  :   3 swap  :   0 
tst   :   0 wdr   :   0 
Instructions used: 51 out of 116 (44.0%)

ATmega328P memory use summary [bytes]:
Segment   Begin    End      Code   Data   Used    Size   Use%
---------------------------------------------------------------
[.cseg] 0x000000 0x0002a0    644     28    672   32768   2.1%
[.dseg] 0x000100 0x000301      0      1      1    2048   0.0%
[.eseg] 0x000000 0x000000      0      0      0    1024   0.0%

Assembly complete, 0 errors, 3 warnings
