
AVRASM ver. 2.1.30  E:\CodeVisionAVR\untitled7\Debug\List\untitled4.asm Wed Apr 12 23:40:07 2023

E:\CodeVisionAVR\untitled7\Debug\List\untitled4.asm(1420): warning: Register r4 already defined by the .DEF directive
E:\CodeVisionAVR\untitled7\Debug\List\untitled4.asm(1421): warning: Register r5 already defined by the .DEF directive
E:\CodeVisionAVR\untitled7\Debug\List\untitled4.asm(1422): warning: Register r6 already defined by the .DEF directive
                 
                 
                 ;CodeVisionAVR C Compiler V3.51 Evaluation
                 ;(C) Copyright 1998-2023 Pavel Haiduc, HP InfoTech S.R.L.
                 ;http://www.hpinfotech.ro
                 
                 ;Build configuration    : Debug
                 ;Chip type              : ATmega328P
                 ;Program type           : Application
                 ;Clock frequency        : 8.000000 MHz
                 ;Memory model           : Small
                 ;Optimize for           : Size
                 ;(s)printf features     : int, width
                 ;(s)scanf features      : int, width
                 ;External RAM size      : 0
                 ;Data Stack size        : 512 byte(s)
                 ;Heap size              : 0 byte(s)
                 ;Promote 'char' to 'int': Yes
                 ;'char' is unsigned     : Yes
                 ;8 bit enums            : Yes
                 ;Global 'const' stored in FLASH: No
                 ;Enhanced function parameter passing: Mode 2
                 ;Enhanced core instructions: On
                 ;Automatic register allocation for global variables: On
                 ;Smart register allocation: On
                 
                 	#define _MODEL_SMALL_
                 
                 	#pragma AVRPART ADMIN PART_NAME ATmega328P
                 	#pragma AVRPART MEMORY PROG_FLASH 32768
                 	#pragma AVRPART MEMORY EEPROM 1024
                 	#pragma AVRPART MEMORY INT_SRAM SIZE 2048
                 	#pragma AVRPART MEMORY INT_SRAM START_ADDR 0x100
                 
                 	#define CALL_SUPPORTED 1
                 
                 	.LISTMAC
                 	.EQU EERE=0x0
                 	.EQU EEWE=0x1
                 	.EQU EEMWE=0x2
                 	.EQU UDRE=0x5
                 	.EQU RXC=0x7
                 	.EQU EECR=0x1F
                 	.EQU EEDR=0x20
                 	.EQU EEARL=0x21
                 	.EQU EEARH=0x22
                 	.EQU SPSR=0x2D
                 	.EQU SPDR=0x2E
                 	.EQU SMCR=0x33
                 	.EQU MCUSR=0x34
                 	.EQU MCUCR=0x35
                 	.EQU WDTCSR=0x60
                 	.EQU UCSR0A=0xC0
                 	.EQU UDR0=0xC6
                 	.EQU SPMCSR=0x37
                 	.EQU SPL=0x3D
                 	.EQU SPH=0x3E
                 	.EQU SREG=0x3F
                 	.EQU GPIOR0=0x1E
                 
                 	.DEF R0X0=R0
                 	.DEF R0X1=R1
                 	.DEF R0X2=R2
                 	.DEF R0X3=R3
                 	.DEF R0X4=R4
                 	.DEF R0X5=R5
                 	.DEF R0X6=R6
                 	.DEF R0X7=R7
                 	.DEF R0X8=R8
                 	.DEF R0X9=R9
                 	.DEF R0XA=R10
                 	.DEF R0XB=R11
                 	.DEF R0XC=R12
                 	.DEF R0XD=R13
                 	.DEF R0XE=R14
                 	.DEF R0XF=R15
                 	.DEF R0X10=R16
                 	.DEF R0X11=R17
                 	.DEF R0X12=R18
                 	.DEF R0X13=R19
                 	.DEF R0X14=R20
                 	.DEF R0X15=R21
                 	.DEF R0X16=R22
                 	.DEF R0X17=R23
                 	.DEF R0X18=R24
                 	.DEF R0X19=R25
                 	.DEF R0X1A=R26
                 	.DEF R0X1B=R27
                 	.DEF R0X1C=R28
                 	.DEF R0X1D=R29
                 	.DEF R0X1E=R30
                 	.DEF R0X1F=R31
                 
                 	.EQU __SRAM_START=0x0100
                 	.EQU __SRAM_END=0x08FF
                 	.EQU __DSTACK_SIZE=0x0200
                 	.EQU __HEAP_SIZE=0x0000
                 	.EQU __CLEAR_SRAM_SIZE=__SRAM_END-__SRAM_START+1
                 
                 	.EQU __FLASH_PAGE_SIZE=0x40
                 	.EQU __EEPROM_PAGE_SIZE=0x04
                 
                 	.MACRO __CPD1N
                 	CPI  R30,LOW(@0)
                 	LDI  R26,HIGH(@0)
                 	CPC  R31,R26
                 	LDI  R26,BYTE3(@0)
                 	CPC  R22,R26
                 	LDI  R26,BYTE4(@0)
                 	CPC  R23,R26
                 	.ENDM
                 
                 	.MACRO __CPD2N
                 	CPI  R26,LOW(@0)
                 	LDI  R30,HIGH(@0)
                 	CPC  R27,R30
                 	LDI  R30,BYTE3(@0)
                 	CPC  R24,R30
                 	LDI  R30,BYTE4(@0)
                 	CPC  R25,R30
                 	.ENDM
                 
                 	.MACRO __CPWRR
                 	CP   R@0,R@2
                 	CPC  R@1,R@3
                 	.ENDM
                 
                 	.MACRO __CPWRN
                 	CPI  R@0,LOW(@2)
                 	LDI  R30,HIGH(@2)
                 	CPC  R@1,R30
                 	.ENDM
                 
                 	.MACRO __ADDB1MN
                 	SUBI R30,LOW(-@0-(@1))
                 	.ENDM
                 
                 	.MACRO __ADDB2MN
                 	SUBI R26,LOW(-@0-(@1))
                 	.ENDM
                 
                 	.MACRO __ADDW1MN
                 	SUBI R30,LOW(-@0-(@1))
                 	SBCI R31,HIGH(-@0-(@1))
                 	.ENDM
                 
                 	.MACRO __ADDW2MN
                 	SUBI R26,LOW(-@0-(@1))
                 	SBCI R27,HIGH(-@0-(@1))
                 	.ENDM
                 
                 	.MACRO __ADDW1FN
                 	SUBI R30,LOW(-2*@0-(@1))
                 	SBCI R31,HIGH(-2*@0-(@1))
                 	.ENDM
                 
                 	.MACRO __ADDD1FN
                 	SUBI R30,LOW(-2*@0-(@1))
                 	SBCI R31,HIGH(-2*@0-(@1))
                 	SBCI R22,BYTE3(-2*@0-(@1))
                 	.ENDM
                 
                 	.MACRO __ADDD1N
                 	SUBI R30,LOW(-@0)
                 	SBCI R31,HIGH(-@0)
                 	SBCI R22,BYTE3(-@0)
                 	SBCI R23,BYTE4(-@0)
                 	.ENDM
                 
                 	.MACRO __ADDD2N
                 	SUBI R26,LOW(-@0)
                 	SBCI R27,HIGH(-@0)
                 	SBCI R24,BYTE3(-@0)
                 	SBCI R25,BYTE4(-@0)
                 	.ENDM
                 
                 	.MACRO __SUBD1N
                 	SUBI R30,LOW(@0)
                 	SBCI R31,HIGH(@0)
                 	SBCI R22,BYTE3(@0)
                 	SBCI R23,BYTE4(@0)
                 	.ENDM
                 
                 	.MACRO __SUBD2N
                 	SUBI R26,LOW(@0)
                 	SBCI R27,HIGH(@0)
                 	SBCI R24,BYTE3(@0)
                 	SBCI R25,BYTE4(@0)
                 	.ENDM
                 
                 	.MACRO __ANDBMNN
                 	LDS  R30,@0+(@1)
                 	ANDI R30,LOW(@2)
                 	STS  @0+(@1),R30
                 	.ENDM
                 
                 	.MACRO __ANDWMNN
                 	LDS  R30,@0+(@1)
                 	ANDI R30,LOW(@2)
                 	STS  @0+(@1),R30
                 	LDS  R30,@0+(@1)+1
                 	ANDI R30,HIGH(@2)
                 	STS  @0+(@1)+1,R30
                 	.ENDM
                 
                 	.MACRO __ANDD1N
                 	ANDI R30,LOW(@0)
                 	ANDI R31,HIGH(@0)
                 	ANDI R22,BYTE3(@0)
                 	ANDI R23,BYTE4(@0)
                 	.ENDM
                 
                 	.MACRO __ANDD2N
                 	ANDI R26,LOW(@0)
                 	ANDI R27,HIGH(@0)
                 	ANDI R24,BYTE3(@0)
                 	ANDI R25,BYTE4(@0)
                 	.ENDM
                 
                 	.MACRO __ORBMNN
                 	LDS  R30,@0+(@1)
                 	ORI  R30,LOW(@2)
                 	STS  @0+(@1),R30
                 	.ENDM
                 
                 	.MACRO __ORWMNN
                 	LDS  R30,@0+(@1)
                 	ORI  R30,LOW(@2)
                 	STS  @0+(@1),R30
                 	LDS  R30,@0+(@1)+1
                 	ORI  R30,HIGH(@2)
                 	STS  @0+(@1)+1,R30
                 	.ENDM
                 
                 	.MACRO __ORD1N
                 	ORI  R30,LOW(@0)
                 	ORI  R31,HIGH(@0)
                 	ORI  R22,BYTE3(@0)
                 	ORI  R23,BYTE4(@0)
                 	.ENDM
                 
                 	.MACRO __ORD2N
                 	ORI  R26,LOW(@0)
                 	ORI  R27,HIGH(@0)
                 	ORI  R24,BYTE3(@0)
                 	ORI  R25,BYTE4(@0)
                 	.ENDM
                 
                 	.MACRO __DELAY_USB
                 	LDI  R24,LOW(@0)
                 __DELAY_USB_LOOP:
                 	DEC  R24
                 	BRNE __DELAY_USB_LOOP
                 	.ENDM
                 
                 	.MACRO __DELAY_USW
                 	LDI  R24,LOW(@0)
                 	LDI  R25,HIGH(@0)
                 __DELAY_USW_LOOP:
                 	SBIW R24,1
                 	BRNE __DELAY_USW_LOOP
                 	.ENDM
                 
                 	.MACRO __GETW1P
                 	LD   R30,X+
                 	LD   R31,X
                 	SBIW R26,1
                 	.ENDM
                 
                 	.MACRO __GETD1S
                 	LDD  R30,Y+@0
                 	LDD  R31,Y+@0+1
                 	LDD  R22,Y+@0+2
                 	LDD  R23,Y+@0+3
                 	.ENDM
                 
                 	.MACRO __GETD2S
                 	LDD  R26,Y+@0
                 	LDD  R27,Y+@0+1
                 	LDD  R24,Y+@0+2
                 	LDD  R25,Y+@0+3
                 	.ENDM
                 
                 	.MACRO __GETD1P_INC
                 	LD   R30,X+
                 	LD   R31,X+
                 	LD   R22,X+
                 	LD   R23,X+
                 	.ENDM
                 
                 	.MACRO __GETD1P_DEC
                 	LD   R23,-X
                 	LD   R22,-X
                 	LD   R31,-X
                 	LD   R30,-X
                 	.ENDM
                 
                 	.MACRO __PUTDP1
                 	ST   X+,R30
                 	ST   X+,R31
                 	ST   X+,R22
                 	ST   X,R23
                 	.ENDM
                 
                 	.MACRO __PUTDP1_DEC
                 	ST   -X,R23
                 	ST   -X,R22
                 	ST   -X,R31
                 	ST   -X,R30
                 	.ENDM
                 
                 	.MACRO __PUTD1S
                 	STD  Y+@0,R30
                 	STD  Y+@0+1,R31
                 	STD  Y+@0+2,R22
                 	STD  Y+@0+3,R23
                 	.ENDM
                 
                 	.MACRO __PUTD2S
                 	STD  Y+@0,R26
                 	STD  Y+@0+1,R27
                 	STD  Y+@0+2,R24
                 	STD  Y+@0+3,R25
                 	.ENDM
                 
                 	.MACRO __PUTDZ2
                 	STD  Z+@0,R26
                 	STD  Z+@0+1,R27
                 	STD  Z+@0+2,R24
                 	STD  Z+@0+3,R25
                 	.ENDM
                 
                 	.MACRO __CLRD1S
                 	STD  Y+@0,R30
                 	STD  Y+@0+1,R30
                 	STD  Y+@0+2,R30
                 	STD  Y+@0+3,R30
                 	.ENDM
                 
                 	.MACRO __CPD10
                 	SBIW R30,0
                 	SBCI R22,0
                 	SBCI R23,0
                 	.ENDM
                 
                 	.MACRO __CPD20
                 	SBIW R26,0
                 	SBCI R24,0
                 	SBCI R25,0
                 	.ENDM
                 
                 	.MACRO __ADDD12
                 	ADD  R30,R26
                 	ADC  R31,R27
                 	ADC  R22,R24
                 	ADC  R23,R25
                 	.ENDM
                 
                 	.MACRO __ADDD21
                 	ADD  R26,R30
                 	ADC  R27,R31
                 	ADC  R24,R22
                 	ADC  R25,R23
                 	.ENDM
                 
                 	.MACRO __SUBD12
                 	SUB  R30,R26
                 	SBC  R31,R27
                 	SBC  R22,R24
                 	SBC  R23,R25
                 	.ENDM
                 
                 	.MACRO __SUBD21
                 	SUB  R26,R30
                 	SBC  R27,R31
                 	SBC  R24,R22
                 	SBC  R25,R23
                 	.ENDM
                 
                 	.MACRO __ANDD12
                 	AND  R30,R26
                 	AND  R31,R27
                 	AND  R22,R24
                 	AND  R23,R25
                 	.ENDM
                 
                 	.MACRO __ORD12
                 	OR   R30,R26
                 	OR   R31,R27
                 	OR   R22,R24
                 	OR   R23,R25
                 	.ENDM
                 
                 	.MACRO __XORD12
                 	EOR  R30,R26
                 	EOR  R31,R27
                 	EOR  R22,R24
                 	EOR  R23,R25
                 	.ENDM
                 
                 	.MACRO __XORD21
                 	EOR  R26,R30
                 	EOR  R27,R31
                 	EOR  R24,R22
                 	EOR  R25,R23
                 	.ENDM
                 
                 	.MACRO __COMD1
                 	COM  R30
                 	COM  R31
                 	COM  R22
                 	COM  R23
                 	.ENDM
                 
                 	.MACRO __MULD2_2
                 	LSL  R26
                 	ROL  R27
                 	ROL  R24
                 	ROL  R25
                 	.ENDM
                 
                 	.MACRO __LSRD1
                 	LSR  R23
                 	ROR  R22
                 	ROR  R31
                 	ROR  R30
                 	.ENDM
                 
                 	.MACRO __LSLD1
                 	LSL  R30
                 	ROL  R31
                 	ROL  R22
                 	ROL  R23
                 	.ENDM
                 
                 	.MACRO __ASRB4
                 	ASR  R30
                 	ASR  R30
                 	ASR  R30
                 	ASR  R30
                 	.ENDM
                 
                 	.MACRO __ASRW8
                 	MOV  R30,R31
                 	CLR  R31
                 	SBRC R30,7
                 	SER  R31
                 	.ENDM
                 
                 	.MACRO __LSRD16
                 	MOV  R30,R22
                 	MOV  R31,R23
                 	LDI  R22,0
                 	LDI  R23,0
                 	.ENDM
                 
                 	.MACRO __LSLD16
                 	MOV  R22,R30
                 	MOV  R23,R31
                 	LDI  R30,0
                 	LDI  R31,0
                 	.ENDM
                 
                 	.MACRO __CWD1
                 	MOV  R22,R31
                 	ADD  R22,R22
                 	SBC  R22,R22
                 	MOV  R23,R22
                 	.ENDM
                 
                 	.MACRO __CWD2
                 	MOV  R24,R27
                 	ADD  R24,R24
                 	SBC  R24,R24
                 	MOV  R25,R24
                 	.ENDM
                 
                 	.MACRO __SETMSD1
                 	SER  R31
                 	SER  R22
                 	SER  R23
                 	.ENDM
                 
                 	.MACRO __ADDW1R15
                 	CLR  R0
                 	ADD  R30,R15
                 	ADC  R31,R0
                 	.ENDM
                 
                 	.MACRO __ADDW2R15
                 	CLR  R0
                 	ADD  R26,R15
                 	ADC  R27,R0
                 	.ENDM
                 
                 	.MACRO __EQB12
                 	CP   R30,R26
                 	LDI  R30,1
                 	BREQ PC+2
                 	CLR  R30
                 	.ENDM
                 
                 	.MACRO __NEB12
                 	CP   R30,R26
                 	LDI  R30,1
                 	BRNE PC+2
                 	CLR  R30
                 	.ENDM
                 
                 	.MACRO __LEB12
                 	CP   R30,R26
                 	LDI  R30,1
                 	BRGE PC+2
                 	CLR  R30
                 	.ENDM
                 
                 	.MACRO __GEB12
                 	CP   R26,R30
                 	LDI  R30,1
                 	BRGE PC+2
                 	CLR  R30
                 	.ENDM
                 
                 	.MACRO __LTB12
                 	CP   R26,R30
                 	LDI  R30,1
                 	BRLT PC+2
                 	CLR  R30
                 	.ENDM
                 
                 	.MACRO __GTB12
                 	CP   R30,R26
                 	LDI  R30,1
                 	BRLT PC+2
                 	CLR  R30
                 	.ENDM
                 
                 	.MACRO __LEB12U
                 	CP   R30,R26
                 	LDI  R30,1
                 	BRSH PC+2
                 	CLR  R30
                 	.ENDM
                 
                 	.MACRO __GEB12U
                 	CP   R26,R30
                 	LDI  R30,1
                 	BRSH PC+2
                 	CLR  R30
                 	.ENDM
                 
                 	.MACRO __LTB12U
                 	CP   R26,R30
                 	LDI  R30,1
                 	BRLO PC+2
                 	CLR  R30
                 	.ENDM
                 
                 	.MACRO __GTB12U
                 	CP   R30,R26
                 	LDI  R30,1
                 	BRLO PC+2
                 	CLR  R30
                 	.ENDM
                 
                 	.MACRO __CPW01
                 	CLR  R0
                 	CP   R0,R30
                 	CPC  R0,R31
                 	.ENDM
                 
                 	.MACRO __CPW02
                 	CLR  R0
                 	CP   R0,R26
                 	CPC  R0,R27
                 	.ENDM
                 
                 	.MACRO __CPD12
                 	CP   R30,R26
                 	CPC  R31,R27
                 	CPC  R22,R24
                 	CPC  R23,R25
                 	.ENDM
                 
                 	.MACRO __CPD21
                 	CP   R26,R30
                 	CPC  R27,R31
                 	CPC  R24,R22
                 	CPC  R25,R23
                 	.ENDM
                 
                 	.MACRO __BSTB1
                 	CLT
                 	TST  R30
                 	BREQ PC+2
                 	SET
                 	.ENDM
                 
                 	.MACRO __LNEGB1
                 	TST  R30
                 	LDI  R30,1
                 	BREQ PC+2
                 	CLR  R30
                 	.ENDM
                 
                 	.MACRO __LNEGW1
                 	OR   R30,R31
                 	LDI  R30,1
                 	BREQ PC+2
                 	LDI  R30,0
                 	.ENDM
                 
                 	.MACRO __POINTB1MN
                 	LDI  R30,LOW(@0+(@1))
                 	.ENDM
                 
                 	.MACRO __POINTW1MN
                 	LDI  R30,LOW(@0+(@1))
                 	LDI  R31,HIGH(@0+(@1))
                 	.ENDM
                 
                 	.MACRO __POINTD1M
                 	LDI  R30,LOW(@0)
                 	LDI  R31,HIGH(@0)
                 	LDI  R22,BYTE3(@0)
                 	LDI  R23,BYTE4(@0)
                 	.ENDM
                 
                 	.MACRO __POINTW1FN
                 	LDI  R30,LOW(2*@0+(@1))
                 	LDI  R31,HIGH(2*@0+(@1))
                 	.ENDM
                 
                 	.MACRO __POINTD1FN
                 	LDI  R30,LOW(2*@0+(@1))
                 	LDI  R31,HIGH(2*@0+(@1))
                 	LDI  R22,BYTE3(2*@0+(@1))
                 	LDI  R23,BYTE4(2*@0+(@1))
                 	.ENDM
                 
                 	.MACRO __POINTB2MN
                 	LDI  R26,LOW(@0+(@1))
                 	.ENDM
                 
                 	.MACRO __POINTW2MN
                 	LDI  R26,LOW(@0+(@1))
                 	LDI  R27,HIGH(@0+(@1))
                 	.ENDM
                 
                 	.MACRO __POINTD2M
                 	LDI  R26,LOW(@0)
                 	LDI  R27,HIGH(@0)
                 	LDI  R24,BYTE3(@0)
                 	LDI  R25,BYTE4(@0)
                 	.ENDM
                 
                 	.MACRO __POINTW2FN
                 	LDI  R26,LOW(2*@0+(@1))
                 	LDI  R27,HIGH(2*@0+(@1))
                 	.ENDM
                 
                 	.MACRO __POINTD2FN
                 	LDI  R26,LOW(2*@0+(@1))
                 	LDI  R27,HIGH(2*@0+(@1))
                 	LDI  R24,BYTE3(2*@0+(@1))
                 	LDI  R25,BYTE4(2*@0+(@1))
                 	.ENDM
                 
                 	.MACRO __POINTBRM
                 	LDI  R@0,LOW(@1)
                 	.ENDM
                 
                 	.MACRO __POINTWRM
                 	LDI  R@0,LOW(@2)
                 	LDI  R@1,HIGH(@2)
                 	.ENDM
                 
                 	.MACRO __POINTBRMN
                 	LDI  R@0,LOW(@1+(@2))
                 	.ENDM
                 
                 	.MACRO __POINTWRMN
                 	LDI  R@0,LOW(@2+(@3))
                 	LDI  R@1,HIGH(@2+(@3))
                 	.ENDM
                 
                 	.MACRO __POINTWRFN
                 	LDI  R@0,LOW(@2*2+(@3))
                 	LDI  R@1,HIGH(@2*2+(@3))
                 	.ENDM
                 
                 	.MACRO __GETD1N
                 	LDI  R30,LOW(@0)
                 	LDI  R31,HIGH(@0)
                 	LDI  R22,BYTE3(@0)
                 	LDI  R23,BYTE4(@0)
                 	.ENDM
                 
                 	.MACRO __GETD2N
                 	LDI  R26,LOW(@0)
                 	LDI  R27,HIGH(@0)
                 	LDI  R24,BYTE3(@0)
                 	LDI  R25,BYTE4(@0)
                 	.ENDM
                 
                 	.MACRO __GETB1MN
                 	LDS  R30,@0+(@1)
                 	.ENDM
                 
                 	.MACRO __GETB1HMN
                 	LDS  R31,@0+(@1)
                 	.ENDM
                 
                 	.MACRO __GETW1MN
                 	LDS  R30,@0+(@1)
                 	LDS  R31,@0+(@1)+1
                 	.ENDM
                 
                 	.MACRO __GETD1MN
                 	LDS  R30,@0+(@1)
                 	LDS  R31,@0+(@1)+1
                 	LDS  R22,@0+(@1)+2
                 	LDS  R23,@0+(@1)+3
                 	.ENDM
                 
                 	.MACRO __GETBRMN
                 	LDS  R@0,@1+(@2)
                 	.ENDM
                 
                 	.MACRO __GETWRMN
                 	LDS  R@0,@2+(@3)
                 	LDS  R@1,@2+(@3)+1
                 	.ENDM
                 
                 	.MACRO __GETWRZ
                 	LDD  R@0,Z+@2
                 	LDD  R@1,Z+@2+1
                 	.ENDM
                 
                 	.MACRO __GETD2Z
                 	LDD  R26,Z+@0
                 	LDD  R27,Z+@0+1
                 	LDD  R24,Z+@0+2
                 	LDD  R25,Z+@0+3
                 	.ENDM
                 
                 	.MACRO __GETB2MN
                 	LDS  R26,@0+(@1)
                 	.ENDM
                 
                 	.MACRO __GETW2MN
                 	LDS  R26,@0+(@1)
                 	LDS  R27,@0+(@1)+1
                 	.ENDM
                 
                 	.MACRO __GETD2MN
                 	LDS  R26,@0+(@1)
                 	LDS  R27,@0+(@1)+1
                 	LDS  R24,@0+(@1)+2
                 	LDS  R25,@0+(@1)+3
                 	.ENDM
                 
                 	.MACRO __PUTB1MN
                 	STS  @0+(@1),R30
                 	.ENDM
                 
                 	.MACRO __PUTW1MN
                 	STS  @0+(@1),R30
                 	STS  @0+(@1)+1,R31
                 	.ENDM
                 
                 	.MACRO __PUTD1MN
                 	STS  @0+(@1),R30
                 	STS  @0+(@1)+1,R31
                 	STS  @0+(@1)+2,R22
                 	STS  @0+(@1)+3,R23
                 	.ENDM
                 
                 	.MACRO __PUTB1EN
                 	LDI  R26,LOW(@0+(@1))
                 	LDI  R27,HIGH(@0+(@1))
                 	CALL __EEPROMWRB
                 	.ENDM
                 
                 	.MACRO __PUTW1EN
                 	LDI  R26,LOW(@0+(@1))
                 	LDI  R27,HIGH(@0+(@1))
                 	CALL __EEPROMWRW
                 	.ENDM
                 
                 	.MACRO __PUTD1EN
                 	LDI  R26,LOW(@0+(@1))
                 	LDI  R27,HIGH(@0+(@1))
                 	CALL __EEPROMWRD
                 	.ENDM
                 
                 	.MACRO __PUTBR0MN
                 	STS  @0+(@1),R0
                 	.ENDM
                 
                 	.MACRO __PUTBMRN
                 	STS  @0+(@1),R@2
                 	.ENDM
                 
                 	.MACRO __PUTWMRN
                 	STS  @0+(@1),R@2
                 	STS  @0+(@1)+1,R@3
                 	.ENDM
                 
                 	.MACRO __PUTBZR
                 	STD  Z+@1,R@0
                 	.ENDM
                 
                 	.MACRO __PUTWZR
                 	STD  Z+@2,R@0
                 	STD  Z+@2+1,R@1
                 	.ENDM
                 
                 	.MACRO __GETW1R
                 	MOV  R30,R@0
                 	MOV  R31,R@1
                 	.ENDM
                 
                 	.MACRO __GETW2R
                 	MOV  R26,R@0
                 	MOV  R27,R@1
                 	.ENDM
                 
                 	.MACRO __GETWRN
                 	LDI  R@0,LOW(@2)
                 	LDI  R@1,HIGH(@2)
                 	.ENDM
                 
                 	.MACRO __PUTW1R
                 	MOV  R@0,R30
                 	MOV  R@1,R31
                 	.ENDM
                 
                 	.MACRO __PUTW2R
                 	MOV  R@0,R26
                 	MOV  R@1,R27
                 	.ENDM
                 
                 	.MACRO __ADDWRN
                 	SUBI R@0,LOW(-@2)
                 	SBCI R@1,HIGH(-@2)
                 	.ENDM
                 
                 	.MACRO __ADDWRR
                 	ADD  R@0,R@2
                 	ADC  R@1,R@3
                 	.ENDM
                 
                 	.MACRO __SUBWRN
                 	SUBI R@0,LOW(@2)
                 	SBCI R@1,HIGH(@2)
                 	.ENDM
                 
                 	.MACRO __SUBWRR
                 	SUB  R@0,R@2
                 	SBC  R@1,R@3
                 	.ENDM
                 
                 	.MACRO __ANDWRN
                 	ANDI R@0,LOW(@2)
                 	ANDI R@1,HIGH(@2)
                 	.ENDM
                 
                 	.MACRO __ANDWRR
                 	AND  R@0,R@2
                 	AND  R@1,R@3
                 	.ENDM
                 
                 	.MACRO __ORWRN
                 	ORI  R@0,LOW(@2)
                 	ORI  R@1,HIGH(@2)
                 	.ENDM
                 
                 	.MACRO __ORWRR
                 	OR   R@0,R@2
                 	OR   R@1,R@3
                 	.ENDM
                 
                 	.MACRO __EORWRR
                 	EOR  R@0,R@2
                 	EOR  R@1,R@3
                 	.ENDM
                 
                 	.MACRO __GETWRS
                 	LDD  R@0,Y+@2
                 	LDD  R@1,Y+@2+1
                 	.ENDM
                 
                 	.MACRO __PUTBSR
                 	STD  Y+@1,R@0
                 	.ENDM
                 
                 	.MACRO __PUTWSR
                 	STD  Y+@2,R@0
                 	STD  Y+@2+1,R@1
                 	.ENDM
                 
                 	.MACRO __MOVEWRR
                 	MOV  R@0,R@2
                 	MOV  R@1,R@3
                 	.ENDM
                 
                 	.MACRO __INWR
                 	IN   R@0,@2
                 	IN   R@1,@2+1
                 	.ENDM
                 
                 	.MACRO __OUTWR
                 	OUT  @2+1,R@1
                 	OUT  @2,R@0
                 	.ENDM
                 
                 	.MACRO __CALL1MN
                 	LDS  R30,@0+(@1)
                 	LDS  R31,@0+(@1)+1
                 	ICALL
                 	.ENDM
                 
                 	.MACRO __CALL1FN
                 	LDI  R30,LOW(2*@0+(@1))
                 	LDI  R31,HIGH(2*@0+(@1))
                 	CALL __GETW1PF
                 	ICALL
                 	.ENDM
                 
                 	.MACRO __CALL2EN
                 	PUSH R26
                 	PUSH R27
                 	LDI  R26,LOW(@0+(@1))
                 	LDI  R27,HIGH(@0+(@1))
                 	CALL __EEPROMRDW
                 	POP  R27
                 	POP  R26
                 	ICALL
                 	.ENDM
                 
                 	.MACRO __CALL2EX
                 	SUBI R26,LOW(-@0)
                 	SBCI R27,HIGH(-@0)
                 	CALL __EEPROMRDD
                 	ICALL
                 	.ENDM
                 
                 	.MACRO __GETW1STACK
                 	IN   R30,SPL
                 	IN   R31,SPH
                 	ADIW R30,@0+1
                 	LD   R0,Z+
                 	LD   R31,Z
                 	MOV  R30,R0
                 	.ENDM
                 
                 	.MACRO __GETD1STACK
                 	IN   R30,SPL
                 	IN   R31,SPH
                 	ADIW R30,@0+1
                 	LD   R0,Z+
                 	LD   R1,Z+
                 	LD   R22,Z
                 	MOVW R30,R0
                 	.ENDM
                 
                 	.MACRO __NBST
                 	BST  R@0,@1
                 	IN   R30,SREG
                 	LDI  R31,0x40
                 	EOR  R30,R31
                 	OUT  SREG,R30
                 	.ENDM
                 
                 
                 	.MACRO __PUTB1SN
                 	LDD  R26,Y+@0
                 	LDD  R27,Y+@0+1
                 	SUBI R26,LOW(-@1)
                 	SBCI R27,HIGH(-@1)
                 	ST   X,R30
                 	.ENDM
                 
                 	.MACRO __PUTW1SN
                 	LDD  R26,Y+@0
                 	LDD  R27,Y+@0+1
                 	SUBI R26,LOW(-@1)
                 	SBCI R27,HIGH(-@1)
                 	ST   X+,R30
                 	ST   X,R31
                 	.ENDM
                 
                 	.MACRO __PUTD1SN
                 	LDD  R26,Y+@0
                 	LDD  R27,Y+@0+1
                 	SUBI R26,LOW(-@1)
                 	SBCI R27,HIGH(-@1)
                 	ST   X+,R30
                 	ST   X+,R31
                 	ST   X+,R22
                 	ST   X,R23
                 	.ENDM
                 
                 	.MACRO __PUTB1SNS
                 	LDD  R26,Y+@0
                 	LDD  R27,Y+@0+1
                 	ADIW R26,@1
                 	ST   X,R30
                 	.ENDM
                 
                 	.MACRO __PUTW1SNS
                 	LDD  R26,Y+@0
                 	LDD  R27,Y+@0+1
                 	ADIW R26,@1
                 	ST   X+,R30
                 	ST   X,R31
                 	.ENDM
                 
                 	.MACRO __PUTD1SNS
                 	LDD  R26,Y+@0
                 	LDD  R27,Y+@0+1
                 	ADIW R26,@1
                 	ST   X+,R30
                 	ST   X+,R31
                 	ST   X+,R22
                 	ST   X,R23
                 	.ENDM
                 
                 	.MACRO __PUTB1PMN
                 	LDS  R26,@0
                 	LDS  R27,@0+1
                 	SUBI R26,LOW(-@1)
                 	SBCI R27,HIGH(-@1)
                 	ST   X,R30
                 	.ENDM
                 
                 	.MACRO __PUTW1PMN
                 	LDS  R26,@0
                 	LDS  R27,@0+1
                 	SUBI R26,LOW(-@1)
                 	SBCI R27,HIGH(-@1)
                 	ST   X+,R30
                 	ST   X,R31
                 	.ENDM
                 
                 	.MACRO __PUTD1PMN
                 	LDS  R26,@0
                 	LDS  R27,@0+1
                 	SUBI R26,LOW(-@1)
                 	SBCI R27,HIGH(-@1)
                 	ST   X+,R30
                 	ST   X+,R31
                 	ST   X+,R22
                 	ST   X,R23
                 	.ENDM
                 
                 	.MACRO __PUTB1PMNS
                 	LDS  R26,@0
                 	LDS  R27,@0+1
                 	ADIW R26,@1
                 	ST   X,R30
                 	.ENDM
                 
                 	.MACRO __PUTW1PMNS
                 	LDS  R26,@0
                 	LDS  R27,@0+1
                 	ADIW R26,@1
                 	ST   X+,R30
                 	ST   X,R31
                 	.ENDM
                 
                 	.MACRO __PUTD1PMNS
                 	LDS  R26,@0
                 	LDS  R27,@0+1
                 	ADIW R26,@1
                 	ST   X+,R30
                 	ST   X+,R31
                 	ST   X+,R22
                 	ST   X,R23
                 	.ENDM
                 
                 	.MACRO __PUTB1RN
                 	MOVW R26,R@0
                 	SUBI R26,LOW(-@1)
                 	SBCI R27,HIGH(-@1)
                 	ST   X,R30
                 	.ENDM
                 
                 	.MACRO __PUTW1RN
                 	MOVW R26,R@0
                 	SUBI R26,LOW(-@1)
                 	SBCI R27,HIGH(-@1)
                 	ST   X+,R30
                 	ST   X,R31
                 	.ENDM
                 
                 	.MACRO __PUTD1RN
                 	MOVW R26,R@0
                 	SUBI R26,LOW(-@1)
                 	SBCI R27,HIGH(-@1)
                 	ST   X+,R30
                 	ST   X+,R31
                 	ST   X+,R22
                 	ST   X,R23
                 	.ENDM
                 
                 	.MACRO __PUTB1RNS
                 	MOVW R26,R@0
                 	ADIW R26,@1
                 	ST   X,R30
                 	.ENDM
                 
                 	.MACRO __PUTW1RNS
                 	MOVW R26,R@0
                 	ADIW R26,@1
                 	ST   X+,R30
                 	ST   X,R31
                 	.ENDM
                 
                 	.MACRO __PUTD1RNS
                 	MOVW R26,R@0
                 	ADIW R26,@1
                 	ST   X+,R30
                 	ST   X+,R31
                 	ST   X+,R22
                 	ST   X,R23
                 	.ENDM
                 
                 	.MACRO __PUTB1RON
                 	MOV  R26,R@0
                 	MOV  R27,R@1
                 	SUBI R26,LOW(-@2)
                 	SBCI R27,HIGH(-@2)
                 	ST   X,R30
                 	.ENDM
                 
                 	.MACRO __PUTW1RON
                 	MOV  R26,R@0
                 	MOV  R27,R@1
                 	SUBI R26,LOW(-@2)
                 	SBCI R27,HIGH(-@2)
                 	ST   X+,R30
                 	ST   X,R31
                 	.ENDM
                 
                 	.MACRO __PUTD1RON
                 	MOV  R26,R@0
                 	MOV  R27,R@1
                 	SUBI R26,LOW(-@2)
                 	SBCI R27,HIGH(-@2)
                 	ST   X+,R30
                 	ST   X+,R31
                 	ST   X+,R22
                 	ST   X,R23
                 	.ENDM
                 
                 	.MACRO __PUTB1RONS
                 	MOV  R26,R@0
                 	MOV  R27,R@1
                 	ADIW R26,@2
                 	ST   X,R30
                 	.ENDM
                 
                 	.MACRO __PUTW1RONS
                 	MOV  R26,R@0
                 	MOV  R27,R@1
                 	ADIW R26,@2
                 	ST   X+,R30
                 	ST   X,R31
                 	.ENDM
                 
                 	.MACRO __PUTD1RONS
                 	MOV  R26,R@0
                 	MOV  R27,R@1
                 	ADIW R26,@2
                 	ST   X+,R30
                 	ST   X+,R31
                 	ST   X+,R22
                 	ST   X,R23
                 	.ENDM
                 
                 
                 	.MACRO __GETB1SX
                 	MOVW R30,R28
                 	SUBI R30,LOW(-@0)
                 	SBCI R31,HIGH(-@0)
                 	LD   R30,Z
                 	.ENDM
                 
                 	.MACRO __GETB1HSX
                 	MOVW R30,R28
                 	SUBI R30,LOW(-@0)
                 	SBCI R31,HIGH(-@0)
                 	LD   R31,Z
                 	.ENDM
                 
                 	.MACRO __GETW1SX
                 	MOVW R30,R28
                 	SUBI R30,LOW(-@0)
                 	SBCI R31,HIGH(-@0)
                 	CALL __GETW1Z
                 	.ENDM
                 
                 	.MACRO __GETD1SX
                 	MOVW R30,R28
                 	SUBI R30,LOW(-@0)
                 	SBCI R31,HIGH(-@0)
                 	CALL __GETD1Z
                 	.ENDM
                 
                 	.MACRO __GETB2SX
                 	MOVW R26,R28
                 	SUBI R26,LOW(-@0)
                 	SBCI R27,HIGH(-@0)
                 	LD   R26,X
                 	.ENDM
                 
                 	.MACRO __GETW2SX
                 	MOVW R26,R28
                 	SUBI R26,LOW(-@0)
                 	SBCI R27,HIGH(-@0)
                 	CALL __GETW2X
                 	.ENDM
                 
                 	.MACRO __GETD2SX
                 	MOVW R26,R28
                 	SUBI R26,LOW(-@0)
                 	SBCI R27,HIGH(-@0)
                 	CALL __GETD2X
                 	.ENDM
                 
                 	.MACRO __GETBRSX
                 	MOVW R30,R28
                 	SUBI R30,LOW(-@1)
                 	SBCI R31,HIGH(-@1)
                 	LD   R@0,Z
                 	.ENDM
                 
                 	.MACRO __GETWRSX
                 	MOVW R30,R28
                 	SUBI R30,LOW(-@2)
                 	SBCI R31,HIGH(-@2)
                 	LD   R@0,Z+
                 	LD   R@1,Z
                 	.ENDM
                 
                 	.MACRO __GETBRSX2
                 	MOVW R26,R28
                 	SUBI R26,LOW(-@1)
                 	SBCI R27,HIGH(-@1)
                 	LD   R@0,X
                 	.ENDM
                 
                 	.MACRO __GETWRSX2
                 	MOVW R26,R28
                 	SUBI R26,LOW(-@2)
                 	SBCI R27,HIGH(-@2)
                 	LD   R@0,X+
                 	LD   R@1,X
                 	.ENDM
                 
                 	.MACRO __LSLW8SX
                 	MOVW R30,R28
                 	SUBI R30,LOW(-@0)
                 	SBCI R31,HIGH(-@0)
                 	LD   R31,Z
                 	CLR  R30
                 	.ENDM
                 
                 	.MACRO __PUTB1SX
                 	MOVW R26,R28
                 	SUBI R26,LOW(-@0)
                 	SBCI R27,HIGH(-@0)
                 	ST   X,R30
                 	.ENDM
                 
                 	.MACRO __PUTW1SX
                 	MOVW R26,R28
                 	SUBI R26,LOW(-@0)
                 	SBCI R27,HIGH(-@0)
                 	ST   X+,R30
                 	ST   X,R31
                 	.ENDM
                 
                 	.MACRO __PUTD1SX
                 	MOVW R26,R28
                 	SUBI R26,LOW(-@0)
                 	SBCI R27,HIGH(-@0)
                 	ST   X+,R30
                 	ST   X+,R31
                 	ST   X+,R22
                 	ST   X,R23
                 	.ENDM
                 
                 	.MACRO __CLRW1SX
                 	MOVW R26,R28
                 	SUBI R26,LOW(-@0)
                 	SBCI R27,HIGH(-@0)
                 	ST   X+,R30
                 	ST   X,R30
                 	.ENDM
                 
                 	.MACRO __CLRD1SX
                 	MOVW R26,R28
                 	SUBI R26,LOW(-@0)
                 	SBCI R27,HIGH(-@0)
                 	ST   X+,R30
                 	ST   X+,R30
                 	ST   X+,R30
                 	ST   X,R30
                 	.ENDM
                 
                 	.MACRO __PUTB2SX
                 	MOVW R30,R28
                 	SUBI R30,LOW(-@0)
                 	SBCI R31,HIGH(-@0)
                 	ST   Z,R26
                 	.ENDM
                 
                 	.MACRO __PUTW2SX
                 	MOVW R30,R28
                 	SUBI R30,LOW(-@0)
                 	SBCI R31,HIGH(-@0)
                 	ST   Z+,R26
                 	ST   Z,R27
                 	.ENDM
                 
                 	.MACRO __PUTD2SX
                 	MOVW R30,R28
                 	SUBI R30,LOW(-@0)
                 	SBCI R31,HIGH(-@0)
                 	ST   Z+,R26
                 	ST   Z+,R27
                 	ST   Z+,R24
                 	ST   Z,R25
                 	.ENDM
                 
                 	.MACRO __PUTBSRX
                 	MOVW R30,R28
                 	SUBI R30,LOW(-@1)
                 	SBCI R31,HIGH(-@1)
                 	ST   Z,R@0
                 	.ENDM
                 
                 	.MACRO __PUTWSRX
                 	MOVW R30,R28
                 	SUBI R30,LOW(-@2)
                 	SBCI R31,HIGH(-@2)
                 	ST   Z+,R@0
                 	ST   Z,R@1
                 	.ENDM
                 
                 	.MACRO __PUTB1SNX
                 	MOVW R26,R28
                 	SUBI R26,LOW(-@0)
                 	SBCI R27,HIGH(-@0)
                 	LD   R0,X+
                 	LD   R27,X
                 	MOV  R26,R0
                 	SUBI R26,LOW(-@1)
                 	SBCI R27,HIGH(-@1)
                 	ST   X,R30
                 	.ENDM
                 
                 	.MACRO __PUTW1SNX
                 	MOVW R26,R28
                 	SUBI R26,LOW(-@0)
                 	SBCI R27,HIGH(-@0)
                 	LD   R0,X+
                 	LD   R27,X
                 	MOV  R26,R0
                 	SUBI R26,LOW(-@1)
                 	SBCI R27,HIGH(-@1)
                 	ST   X+,R30
                 	ST   X,R31
                 	.ENDM
                 
                 	.MACRO __PUTD1SNX
                 	MOVW R26,R28
                 	SUBI R26,LOW(-@0)
                 	SBCI R27,HIGH(-@0)
                 	LD   R0,X+
                 	LD   R27,X
                 	MOV  R26,R0
                 	SUBI R26,LOW(-@1)
                 	SBCI R27,HIGH(-@1)
                 	ST   X+,R30
                 	ST   X+,R31
                 	ST   X+,R22
                 	ST   X,R23
                 	.ENDM
                 
                 	.MACRO __MULBRR
                 	MULS R@0,R@1
                 	MOVW R30,R0
                 	.ENDM
                 
                 	.MACRO __MULBRRU
                 	MUL  R@0,R@1
                 	MOVW R30,R0
                 	.ENDM
                 
                 	.MACRO __MULBRR0
                 	MULS R@0,R@1
                 	.ENDM
                 
                 	.MACRO __MULBRRU0
                 	MUL  R@0,R@1
                 	.ENDM
                 
                 	.MACRO __MULBNWRU
                 	LDI  R26,@2
                 	MUL  R26,R@0
                 	MOVW R30,R0
                 	MUL  R26,R@1
                 	ADD  R31,R0
                 	.ENDM
                 
                 ;NAME DEFINITIONS FOR GLOBAL VARIABLES ALLOCATED TO REGISTERS
                 	.DEF _rxdata=R4
                 	.DEF _adc_value=R5
                 	.DEF _adc_value_msb=R6
                 
                 ;GPIOR0 INITIALIZATION VALUE
                 	.EQU __GPIOR0_INIT=0x00
                 
                 	.CSEG
                 	.ORG 0x00
                 
                 ;START OF CODE MARKER
                 __START_OF_CODE:
                 
                 ;INTERRUPT VECTORS
000000 940c 0044 	JMP  __RESET
000002 940c 0000 	JMP  0x00
000004 940c 0000 	JMP  0x00
000006 940c 0000 	JMP  0x00
000008 940c 0000 	JMP  0x00
00000a 940c 0000 	JMP  0x00
00000c 940c 0000 	JMP  0x00
00000e 940c 0000 	JMP  0x00
000010 940c 0000 	JMP  0x00
000012 940c 0000 	JMP  0x00
000014 940c 0000 	JMP  0x00
000016 940c 0000 	JMP  0x00
000018 940c 0000 	JMP  0x00
00001a 940c 00a0 	JMP  _timer1_ovf_isr
00001c 940c 0000 	JMP  0x00
00001e 940c 0000 	JMP  0x00
000020 940c 0000 	JMP  0x00
000022 940c 0000 	JMP  0x00
000024 940c 0000 	JMP  0x00
000026 940c 0000 	JMP  0x00
000028 940c 0000 	JMP  0x00
00002a 940c 0000 	JMP  0x00
00002c 940c 0000 	JMP  0x00
00002e 940c 0000 	JMP  0x00
000030 940c 0000 	JMP  0x00
000032 940c 0000 	JMP  0x00
                 
                 _tbl10_G100:
000034 2710
000035 03e8
000036 0064
000037 000a      	.DB  0x10,0x27,0xE8,0x3,0x64,0x0,0xA,0x0
000038 0001      	.DB  0x1,0x0
                 _tbl16_G100:
000039 1000
00003a 0100
00003b 0010
00003c 0001      	.DB  0x0,0x10,0x0,0x1,0x10,0x0,0x1,0x0
                 
                 _0x0:
00003d 6425
00003e 0d00
00003f 000a      	.DB  0x25,0x64,0x0,0xD,0xA,0x0
                 
                 __GLOBAL_INI_TBL:
000040 0003      	.DW  0x03
000041 0300      	.DW  _0x16
000042 007d      	.DW  _0x0*2+3
                 
                 _0xFFFFFFFF:
000043 0000      	.DW  0
                 
                 #define __GLOBAL_INI_TBL_PRESENT 1
                 
                 __RESET:
000044 94f8      	CLI
000045 27ee      	CLR  R30
000046 bbef      	OUT  EECR,R30
                 
                 ;INTERRUPT VECTORS ARE PLACED
                 ;AT THE START OF FLASH
000047 e0f1      	LDI  R31,1
000048 bff5      	OUT  MCUCR,R31
000049 bfe5      	OUT  MCUCR,R30
                 
                 ;CLEAR R2-R14
00004a e08d      	LDI  R24,(14-2)+1
00004b e0a2      	LDI  R26,2
00004c 27bb      	CLR  R27
                 __CLEAR_REG:
00004d 93ed      	ST   X+,R30
00004e 958a      	DEC  R24
00004f f7e9      	BRNE __CLEAR_REG
                 
                 ;CLEAR SRAM
000050 e080      	LDI  R24,LOW(__CLEAR_SRAM_SIZE)
000051 e098      	LDI  R25,HIGH(__CLEAR_SRAM_SIZE)
000052 e0a0      	LDI  R26,LOW(__SRAM_START)
000053 e0b1      	LDI  R27,HIGH(__SRAM_START)
                 __CLEAR_SRAM:
000054 93ed      	ST   X+,R30
000055 9701      	SBIW R24,1
000056 f7e9      	BRNE __CLEAR_SRAM
                 
                 ;GLOBAL VARIABLES INITIALIZATION
000057 e8e0      	LDI  R30,LOW(__GLOBAL_INI_TBL*2)
000058 e0f0      	LDI  R31,HIGH(__GLOBAL_INI_TBL*2)
                 __GLOBAL_INI_NEXT:
000059 9185      	LPM  R24,Z+
00005a 9195      	LPM  R25,Z+
00005b 9700      	SBIW R24,0
00005c f061      	BREQ __GLOBAL_INI_END
00005d 91a5      	LPM  R26,Z+
00005e 91b5      	LPM  R27,Z+
00005f 9005      	LPM  R0,Z+
000060 9015      	LPM  R1,Z+
000061 01bf      	MOVW R22,R30
000062 01f0      	MOVW R30,R0
                 __GLOBAL_INI_LOOP:
000063 9005      	LPM  R0,Z+
000064 920d      	ST   X+,R0
000065 9701      	SBIW R24,1
000066 f7e1      	BRNE __GLOBAL_INI_LOOP
000067 01fb      	MOVW R30,R22
000068 cff0      	RJMP __GLOBAL_INI_NEXT
                 __GLOBAL_INI_END:
                 
                 ;GPIOR0 INITIALIZATION
000069 e0e0      	LDI  R30,__GPIOR0_INIT
00006a bbee      	OUT  GPIOR0,R30
                 
                 ;HARDWARE STACK POINTER INITIALIZATION
00006b efef      	LDI  R30,LOW(__SRAM_END-__HEAP_SIZE)
00006c bfed      	OUT  SPL,R30
00006d e0e8      	LDI  R30,HIGH(__SRAM_END-__HEAP_SIZE)
00006e bfee      	OUT  SPH,R30
                 
                 ;DATA STACK POINTER INITIALIZATION
00006f e0c0      	LDI  R28,LOW(__SRAM_START+__DSTACK_SIZE)
000070 e0d3      	LDI  R29,HIGH(__SRAM_START+__DSTACK_SIZE)
                 
000071 940c 00ad 	JMP  _main
                 
                 	.ESEG
                 	.ORG 0x00
                 
                 	.DSEG
                 	.ORG 0x300
                 
                 	.CSEG
                 	#ifndef __SLEEP_DEFINED__
                 	#define __SLEEP_DEFINED__
                 	.EQU __se_bit=0x01
                 	.EQU __sm_mask=0x0E
                 	.EQU __sm_adc_noise_red=0x02
                 	.EQU __sm_powerdown=0x04
                 	.EQU __sm_powersave=0x06
                 	.EQU __sm_standby=0x0C
                 	.EQU __sm_ext_standby=0x0E
                 	.SET power_ctrl_reg=smcr
                 	#endif
                 
                 	.CSEG
                 _uart_transmit:
                 ; .FSTART _uart_transmit
000073 931a      	ST   -Y,R17
000074 2f1a      	MOV  R17,R26
                 ;	data -> R17
                 _0x3:
000075 91e0 00c0 	LDS  R30,192
000077 72e0      	ANDI R30,LOW(0x20)
000078 f3e1      	BREQ _0x3
000079 9310 00c6 	STS  198,R17
00007b 9119      	LD   R17,Y+
00007c 9508      	RET
                 ; .FEND
                 _putstring:
                 ; .FSTART _putstring
00007d 931a      	ST   -Y,R17
00007e 930a      	ST   -Y,R16
00007f 018d      	MOVW R16,R26
                 ;	*str -> R16,R17
                 _0x6:
000080 01d8      	MOVW R26,R16
000081 91ec      	LD   R30,X
000082 30e0      	CPI  R30,0
000083 f059      	BREQ _0x8
000084 91ac      	LD   R26,X
000085 dfed      	RCALL _uart_transmit
000086 01d8      	MOVW R26,R16
000087 91ac      	LD   R26,X
000088 30aa      	CPI  R26,LOW(0xA)
000089 f411      	BRNE _0x9
00008a e0ad      	LDI  R26,LOW(13)
00008b dfe7      	RCALL _uart_transmit
                 _0x9:
                +
00008c 5f0f     +SUBI R16 , LOW ( - 1 )
00008d 4f1f     +SBCI R17 , HIGH ( - 1 )
                 	__ADDWRN 16,17,1
00008e cff1      	RJMP _0x6
                 _0x8:
00008f 9109      	LD   R16,Y+
000090 9119      	LD   R17,Y+
000091 9508      	RET
                 ; .FEND
                 ;	value -> Y+14
                 ;	buf -> Y+6
                 ;	index -> R16,R17
                 ;	i -> R18,R19
                 ;	j -> R20,R21
                 _uart_init:
                 ; .FSTART _uart_init
000092 e0e0      	LDI  R30,LOW(0)
000093 93e0 00c5 	STS  197,R30
000095 e6e7      	LDI  R30,LOW(103)
000096 93e0 00c4 	STS  196,R30
000098 e0e6      	LDI  R30,LOW(6)
000099 93e0 00c2 	STS  194,R30
00009b e9e8      	LDI  R30,LOW(152)
00009c 93e0 00c1 	STS  193,R30
00009e 9478      	SEI
00009f 9508      	RET
                 ; .FEND
                 ;interrupt [14] void timer1_ovf_isr(void)
                 ; 0000 000B {
                 _timer1_ovf_isr:
                 ; .FSTART _timer1_ovf_isr
0000a0 93ea      	ST   -Y,R30
0000a1 b7ef      	IN   R30,SREG
0000a2 93ea      	ST   -Y,R30
                 ; 0000 000C // B?t c? cho chuy?n d?i ADC t? d?ng
                 ; 0000 000D ADCSRA |= (1 << ADSC);
0000a3 91e0 007a 	LDS  R30,122
0000a5 64e0      	ORI  R30,0x40
0000a6 93e0 007a 	STS  122,R30
                 ; 0000 000E 
                 ; 0000 000F // Reset l?i ng?t Timer 1
                 ; 0000 0010 TCNT1H = 0xFF;
0000a8 d1e1      	RCALL SUBOPT_0x0
                 ; 0000 0011 TCNT1L = 0xF0;
                 ; 0000 0012 }
0000a9 91e9      	LD   R30,Y+
0000aa bfef      	OUT  SREG,R30
0000ab 91e9      	LD   R30,Y+
0000ac 9518      	RETI
                 ; .FEND
                 ;void main(void)
                 ; 0000 0015 {
                 _main:
                 ; .FSTART _main
                 ; 0000 0016 // Khai bo bi?n
                 ; 0000 0017 char buffer[10];
                 ; 0000 0018 
                 ; 0000 0019 // Kh?i t?o UART v?i baudrate 9600
                 ; 0000 001A uart_init();
0000ad 972a      	SBIW R28,10
                 ;	buffer -> Y+0
0000ae dfe3      	RCALL _uart_init
                 ; 0000 001B 
                 ; 0000 001C // Kh?i t?o Timer 1 v?i t?n s? 1Hz
                 ; 0000 001D TCCR1B = (1 << CS12) | (0 << CS11) | (0 << CS10);
0000af e0e4      	LDI  R30,LOW(4)
0000b0 93e0 0081 	STS  129,R30
                 ; 0000 001E TCNT1H = 0xFF;
0000b2 d1d7      	RCALL SUBOPT_0x0
                 ; 0000 001F TCNT1L = 0xF0;
                 ; 0000 0020 TIMSK1 |= (1 << TOIE1);
0000b3 91e0 006f 	LDS  R30,111
0000b5 60e1      	ORI  R30,1
0000b6 93e0 006f 	STS  111,R30
                 ; 0000 0021 
                 ; 0000 0022 // Kh?i t?o ADC
                 ; 0000 0023 ADMUX = (1 << REFS0) | (0 << REFS1) | (0 << MUX0) | (1 << MUX1) | (0 << MUX2) | (0 << MUX3);
0000b8 e4e2      	LDI  R30,LOW(66)
0000b9 93e0 007c 	STS  124,R30
                 ; 0000 0024 ADCSRA = (1 << ADEN) | (1 << ADIE) | (1 << ADATE) | (1 << ADPS2) | (1 << ADPS1) | (1 << ADPS0);
0000bb eaef      	LDI  R30,LOW(175)
0000bc 93e0 007a 	STS  122,R30
                 ; 0000 0025 
                 ; 0000 0026 // B?t ng?t ton c?c
                 ; 0000 0027 #asm("sei")
0000be 9478      	SEI
                 ; 0000 0028 
                 ; 0000 0029 while (1)
                 _0x10:
                 ; 0000 002A {
                 ; 0000 002B // ?i cho chuy?n d?i ADC k?t thc
                 ; 0000 002C while ((ADCSRA & (1 << ADIF)) == 0);
                 _0x13:
0000bf 91e0 007a 	LDS  R30,122
0000c1 71e0      	ANDI R30,LOW(0x10)
0000c2 f3e1      	BREQ _0x13
                 ; 0000 002D 
                 ; 0000 002E // ?c gi tr? ADC
                 ; 0000 002F adc_value = ADCW;
                +
0000c3 9050 0078+LDS R5 , 0 + ( 120 )
0000c5 9060 0079+LDS R6 , 0 + ( 120 ) + 1
                 	__GETWRMN 5,6,0,120
                 ; 0000 0030 
                 ; 0000 0031 // Hi?n th? gi tr? ADC trn Terminal
                 ; 0000 0032 sprintf(buffer, "%d", adc_value);
0000c7 01fe      	MOVW R30,R28
0000c8 93fa      	ST   -Y,R31
0000c9 93ea      	ST   -Y,R30
                +
0000ca e7ea     +LDI R30 , LOW ( 2 * _0x0 + ( 0 ) )
0000cb e0f0     +LDI R31 , HIGH ( 2 * _0x0 + ( 0 ) )
                 	__POINTW1FN _0x0,0
0000cc 93fa      	ST   -Y,R31
0000cd 93ea      	ST   -Y,R30
                +
0000ce 2de5     +MOV R30 , R5
0000cf 2df6     +MOV R31 , R6
                 	__GETW1R 5,6
                +
0000d0 2f6f     +MOV R22 , R31
0000d1 0f66     +ADD R22 , R22
0000d2 0b66     +SBC R22 , R22
0000d3 2f76     +MOV R23 , R22
                 	__CWD1
0000d4 d1fa      	RCALL __PUTPARD1
0000d5 e084      	LDI  R24,4
0000d6 d163      	RCALL _sprintf
0000d7 9628      	ADIW R28,8
                 ; 0000 0033 putstring(buffer);
0000d8 01de      	MOVW R26,R28
0000d9 dfa3      	RCALL _putstring
                 ; 0000 0034 putstring("\r\n");
                +
0000da e0a0     +LDI R26 , LOW ( _0x16 + ( 0 ) )
0000db e0b3     +LDI R27 , HIGH ( _0x16 + ( 0 ) )
                 	__POINTW2MN _0x16,0
0000dc dfa0      	RCALL _putstring
                 ; 0000 0035 
                 ; 0000 0036 // Reset c? ng?t ADC
                 ; 0000 0037 ADCSRA |= (1 << ADIF);
0000dd 91e0 007a 	LDS  R30,122
0000df 61e0      	ORI  R30,0x10
0000e0 93e0 007a 	STS  122,R30
                 ; 0000 0038 
                 ; 0000 0039 // ?i 100ms
                 ; 0000 003A delay_ms(100);
0000e2 e6a4      	LDI  R26,LOW(100)
0000e3 e0b0      	LDI  R27,0
0000e4 d1ef      	RCALL _delay_ms
                 ; 0000 003B }
0000e5 cfd9      	RJMP _0x10
                 ; 0000 003C }
                 _0x17:
0000e6 cfff      	RJMP _0x17
                 ; .FEND
                 
                 	.DSEG
                 _0x16:
000300           	.BYTE 0x3
                 	#ifndef __SLEEP_DEFINED__
                 	#endif
                 
                 	.CSEG
                 _put_buff_G100:
                 ; .FSTART _put_buff_G100
0000e7 d1d1      	RCALL __SAVELOCR6
0000e8 019d      	MOVW R18,R26
0000e9 815e      	LDD  R21,Y+6
0000ea 9612      	ADIW R26,2
                +
0000eb 91ed     +LD R30 , X +
0000ec 91fc     +LD R31 , X
0000ed 9711     +SBIW R26 , 1
                 	__GETW1P
0000ee 9730      	SBIW R30,0
0000ef f0e9      	BREQ _0x2000016
0000f0 01d9      	MOVW R26,R18
0000f1 d19f      	RCALL SUBOPT_0x1
0000f2 018f      	MOVW R16,R30
0000f3 9730      	SBIW R30,0
0000f4 f059      	BREQ _0x2000018
                +
0000f5 3002     +CPI R16 , LOW ( 2 )
0000f6 e0e0     +LDI R30 , HIGH ( 2 )
0000f7 071e     +CPC R17 , R30
                 	__CPWRN 16,17,2
0000f8 f060      	BRLO _0x2000019
0000f9 01f8      	MOVW R30,R16
0000fa 9731      	SBIW R30,1
0000fb 018f      	MOVW R16,R30
                +
0000fc 01d9     +MOVW R26 , R18
0000fd 9614     +ADIW R26 , 4
0000fe 93ed     +ST X + , R30
0000ff 93fc     +ST X , R31
                 	__PUTW1RNS 18,4
                 _0x2000018:
000100 01d9      	MOVW R26,R18
000101 9612      	ADIW R26,2
000102 d193      	RCALL SUBOPT_0x2
000103 9731      	SBIW R30,1
000104 8350      	ST   Z,R21
                 _0x2000019:
000105 01d9      	MOVW R26,R18
                +
000106 91ed     +LD R30 , X +
000107 91fc     +LD R31 , X
000108 9711     +SBIW R26 , 1
                 	__GETW1P
000109 23ff      	TST  R31
00010a f00a      	BRMI _0x200001A
00010b d18a      	RCALL SUBOPT_0x2
                 _0x200001A:
00010c c005      	RJMP _0x200001B
                 _0x2000016:
00010d 01d9      	MOVW R26,R18
00010e efef      	LDI  R30,LOW(65535)
00010f efff      	LDI  R31,HIGH(65535)
000110 93ed      	ST   X+,R30
000111 93fc      	ST   X,R31
                 _0x200001B:
000112 d1ad      	RCALL __LOADLOCR6
000113 9627      	ADIW R28,7
000114 9508      	RET
                 ; .FEND
                 __print_G100:
                 ; .FSTART __print_G100
000115 93ba      	ST   -Y,R27
000116 93aa      	ST   -Y,R26
000117 9726      	SBIW R28,6
000118 d1a0      	RCALL __SAVELOCR6
000119 e010      	LDI  R17,0
00011a 85ac      	LDD  R26,Y+12
00011b 85bd      	LDD  R27,Y+12+1
00011c e0e0      	LDI  R30,LOW(0)
00011d e0f0      	LDI  R31,HIGH(0)
00011e 93ed      	ST   X+,R30
00011f 93fc      	ST   X,R31
                 _0x200001C:
000120 89ea      	LDD  R30,Y+18
000121 89fb      	LDD  R31,Y+18+1
000122 9631      	ADIW R30,1
000123 8bea      	STD  Y+18,R30
000124 8bfb      	STD  Y+18+1,R31
000125 9731      	SBIW R30,1
000126 91e4      	LPM  R30,Z
000127 2f2e      	MOV  R18,R30
000128 30e0      	CPI  R30,0
000129 f409      	BRNE PC+2
00012a c108      	RJMP _0x200001E
00012b 2fe1      	MOV  R30,R17
00012c 30e0      	CPI  R30,0
00012d f431      	BRNE _0x2000022
00012e 3225      	CPI  R18,37
00012f f411      	BRNE _0x2000023
000130 e011      	LDI  R17,LOW(1)
000131 c001      	RJMP _0x2000024
                 _0x2000023:
000132 d169      	RCALL SUBOPT_0x3
                 _0x2000024:
000133 c0fe      	RJMP _0x2000021
                 _0x2000022:
000134 30e1      	CPI  R30,LOW(0x1)
000135 f4a1      	BRNE _0x2000025
000136 3225      	CPI  R18,37
000137 f411      	BRNE _0x2000026
000138 d163      	RCALL SUBOPT_0x3
000139 c0f7      	RJMP _0x20000D2
                 _0x2000026:
00013a e012      	LDI  R17,LOW(2)
00013b e040      	LDI  R20,LOW(0)
00013c e000      	LDI  R16,LOW(0)
00013d 322d      	CPI  R18,45
00013e f411      	BRNE _0x2000027
00013f e001      	LDI  R16,LOW(1)
000140 c0f1      	RJMP _0x2000021
                 _0x2000027:
000141 322b      	CPI  R18,43
000142 f411      	BRNE _0x2000028
000143 e24b      	LDI  R20,LOW(43)
000144 c0ed      	RJMP _0x2000021
                 _0x2000028:
000145 3220      	CPI  R18,32
000146 f411      	BRNE _0x2000029
000147 e240      	LDI  R20,LOW(32)
000148 c0e9      	RJMP _0x2000021
                 _0x2000029:
000149 c002      	RJMP _0x200002A
                 _0x2000025:
00014a 30e2      	CPI  R30,LOW(0x2)
00014b f439      	BRNE _0x200002B
                 _0x200002A:
00014c e050      	LDI  R21,LOW(0)
00014d e013      	LDI  R17,LOW(3)
00014e 3320      	CPI  R18,48
00014f f411      	BRNE _0x200002C
000150 6800      	ORI  R16,LOW(128)
000151 c0e0      	RJMP _0x2000021
                 _0x200002C:
000152 c003      	RJMP _0x200002D
                 _0x200002B:
000153 30e3      	CPI  R30,LOW(0x3)
000154 f009      	BREQ PC+2
000155 c0dc      	RJMP _0x2000021
                 _0x200002D:
000156 3320      	CPI  R18,48
000157 f010      	BRLO _0x2000030
000158 332a      	CPI  R18,58
000159 f008      	BRLO _0x2000031
                 _0x2000030:
00015a c007      	RJMP _0x200002F
                 _0x2000031:
00015b e0aa      	LDI  R26,LOW(10)
00015c 9f5a      	MUL  R21,R26
00015d 2d50      	MOV  R21,R0
00015e 2fe2      	MOV  R30,R18
00015f 53e0      	SUBI R30,LOW(48)
000160 0f5e      	ADD  R21,R30
000161 c0d0      	RJMP _0x2000021
                 _0x200002F:
000162 2fe2      	MOV  R30,R18
000163 36e3      	CPI  R30,LOW(0x63)
000164 f439      	BRNE _0x2000035
000165 d13d      	RCALL SUBOPT_0x4
000166 89e8      	LDD  R30,Y+16
000167 89f9      	LDD  R31,Y+16+1
000168 81a4      	LDD  R26,Z+4
000169 93aa      	ST   -Y,R26
00016a d13e      	RCALL SUBOPT_0x5
00016b c0c5      	RJMP _0x2000036
                 _0x2000035:
00016c 37e3      	CPI  R30,LOW(0x73)
00016d f429      	BRNE _0x2000038
00016e d134      	RCALL SUBOPT_0x4
00016f d13f      	RCALL SUBOPT_0x6
000170 d100      	RCALL _strlen
000171 2f1e      	MOV  R17,R30
000172 c007      	RJMP _0x2000039
                 _0x2000038:
000173 37e0      	CPI  R30,LOW(0x70)
000174 f449      	BRNE _0x200003B
000175 d12d      	RCALL SUBOPT_0x4
000176 d138      	RCALL SUBOPT_0x6
000177 d105      	RCALL _strlenf
000178 2f1e      	MOV  R17,R30
000179 6008      	ORI  R16,LOW(8)
                 _0x2000039:
00017a 6002      	ORI  R16,LOW(2)
00017b 770f      	ANDI R16,LOW(127)
00017c e030      	LDI  R19,LOW(0)
00017d c037      	RJMP _0x200003C
                 _0x200003B:
00017e 36e4      	CPI  R30,LOW(0x64)
00017f f011      	BREQ _0x200003F
000180 36e9      	CPI  R30,LOW(0x69)
000181 f411      	BRNE _0x2000040
                 _0x200003F:
000182 6004      	ORI  R16,LOW(4)
000183 c002      	RJMP _0x2000041
                 _0x2000040:
000184 37e5      	CPI  R30,LOW(0x75)
000185 f431      	BRNE _0x2000042
                 _0x2000041:
000186 e6e8      	LDI  R30,LOW(_tbl10_G100*2)
000187 e0f0      	LDI  R31,HIGH(_tbl10_G100*2)
000188 83ee      	STD  Y+6,R30
000189 83ff      	STD  Y+6+1,R31
00018a e015      	LDI  R17,LOW(5)
00018b c00c      	RJMP _0x2000043
                 _0x2000042:
00018c 35e8      	CPI  R30,LOW(0x58)
00018d f411      	BRNE _0x2000045
00018e 6008      	ORI  R16,LOW(8)
00018f c003      	RJMP _0x2000046
                 _0x2000045:
000190 37e8      	CPI  R30,LOW(0x78)
000191 f009      	BREQ PC+2
000192 c09e      	RJMP _0x2000077
                 _0x2000046:
000193 e7e2      	LDI  R30,LOW(_tbl16_G100*2)
000194 e0f0      	LDI  R31,HIGH(_tbl16_G100*2)
000195 83ee      	STD  Y+6,R30
000196 83ff      	STD  Y+6+1,R31
000197 e014      	LDI  R17,LOW(4)
                 _0x2000043:
000198 ff02      	SBRS R16,2
000199 c015      	RJMP _0x2000048
00019a d108      	RCALL SUBOPT_0x4
00019b 89a8      	LDD  R26,Y+16
00019c 89b9      	LDD  R27,Y+16+1
00019d 9614      	ADIW R26,4
00019e 91ed      	LD   R30,X+
00019f 91fd      	LD   R31,X+
0001a0 87ea      	STD  Y+10,R30
0001a1 87fb      	STD  Y+10+1,R31
0001a2 85ab      	LDD  R26,Y+11
0001a3 23aa      	TST  R26
0001a4 f422      	BRPL _0x2000049
0001a5 d121      	RCALL __ANEGW1
0001a6 87ea      	STD  Y+10,R30
0001a7 87fb      	STD  Y+10+1,R31
0001a8 e24d      	LDI  R20,LOW(45)
                 _0x2000049:
0001a9 3040      	CPI  R20,0
0001aa f011      	BREQ _0x200004A
0001ab 5f1f      	SUBI R17,-LOW(1)
0001ac c001      	RJMP _0x200004B
                 _0x200004A:
0001ad 7f0b      	ANDI R16,LOW(251)
                 _0x200004B:
0001ae c006      	RJMP _0x200004C
                 _0x2000048:
0001af d0f3      	RCALL SUBOPT_0x4
0001b0 89a8      	LDD  R26,Y+16
0001b1 89b9      	LDD  R27,Y+16+1
0001b2 d0de      	RCALL SUBOPT_0x1
0001b3 87ea      	STD  Y+10,R30
0001b4 87fb      	STD  Y+10+1,R31
                 _0x200004C:
                 _0x200003C:
0001b5 fd00      	SBRC R16,0
0001b6 c010      	RJMP _0x200004D
                 _0x200004E:
0001b7 1715      	CP   R17,R21
0001b8 f470      	BRSH _0x2000050
0001b9 ff07      	SBRS R16,7
0001ba c008      	RJMP _0x2000051
0001bb ff02      	SBRS R16,2
0001bc c004      	RJMP _0x2000052
0001bd 7f0b      	ANDI R16,LOW(251)
0001be 2f24      	MOV  R18,R20
0001bf 5011      	SUBI R17,LOW(1)
0001c0 c001      	RJMP _0x2000053
                 _0x2000052:
0001c1 e320      	LDI  R18,LOW(48)
                 _0x2000053:
0001c2 c001      	RJMP _0x2000054
                 _0x2000051:
0001c3 e220      	LDI  R18,LOW(32)
                 _0x2000054:
0001c4 d0d7      	RCALL SUBOPT_0x3
0001c5 5051      	SUBI R21,LOW(1)
0001c6 cff0      	RJMP _0x200004E
                 _0x2000050:
                 _0x200004D:
0001c7 2f31      	MOV  R19,R17
0001c8 ff01      	SBRS R16,1
0001c9 c016      	RJMP _0x2000055
                 _0x2000056:
0001ca 3030      	CPI  R19,0
0001cb f099      	BREQ _0x2000058
0001cc ff03      	SBRS R16,3
0001cd c006      	RJMP _0x2000059
0001ce 81ee      	LDD  R30,Y+6
0001cf 81ff      	LDD  R31,Y+6+1
0001d0 9125      	LPM  R18,Z+
0001d1 83ee      	STD  Y+6,R30
0001d2 83ff      	STD  Y+6+1,R31
0001d3 c005      	RJMP _0x200005A
                 _0x2000059:
0001d4 81ae      	LDD  R26,Y+6
0001d5 81bf      	LDD  R27,Y+6+1
0001d6 912d      	LD   R18,X+
0001d7 83ae      	STD  Y+6,R26
0001d8 83bf      	STD  Y+6+1,R27
                 _0x200005A:
0001d9 d0c2      	RCALL SUBOPT_0x3
0001da 3050      	CPI  R21,0
0001db f009      	BREQ _0x200005B
0001dc 5051      	SUBI R21,LOW(1)
                 _0x200005B:
0001dd 5031      	SUBI R19,LOW(1)
0001de cfeb      	RJMP _0x2000056
                 _0x2000058:
0001df c048      	RJMP _0x200005C
                 _0x2000055:
                 _0x200005E:
0001e0 e320      	LDI  R18,LOW(48)
0001e1 81ee      	LDD  R30,Y+6
0001e2 81ff      	LDD  R31,Y+6+1
0001e3 d0e7      	RCALL __GETW1PF
0001e4 87e8      	STD  Y+8,R30
0001e5 87f9      	STD  Y+8+1,R31
0001e6 81ee      	LDD  R30,Y+6
0001e7 81ff      	LDD  R31,Y+6+1
0001e8 9632      	ADIW R30,2
0001e9 83ee      	STD  Y+6,R30
0001ea 83ff      	STD  Y+6+1,R31
                 _0x2000060:
0001eb 85e8      	LDD  R30,Y+8
0001ec 85f9      	LDD  R31,Y+8+1
0001ed 85aa      	LDD  R26,Y+10
0001ee 85bb      	LDD  R27,Y+10+1
0001ef 17ae      	CP   R26,R30
0001f0 07bf      	CPC  R27,R31
0001f1 f050      	BRLO _0x2000062
0001f2 5f2f      	SUBI R18,-LOW(1)
0001f3 85a8      	LDD  R26,Y+8
0001f4 85b9      	LDD  R27,Y+8+1
0001f5 85ea      	LDD  R30,Y+10
0001f6 85fb      	LDD  R31,Y+10+1
0001f7 1bea      	SUB  R30,R26
0001f8 0bfb      	SBC  R31,R27
0001f9 87ea      	STD  Y+10,R30
0001fa 87fb      	STD  Y+10+1,R31
0001fb cfef      	RJMP _0x2000060
                 _0x2000062:
0001fc 332a      	CPI  R18,58
0001fd f028      	BRLO _0x2000063
0001fe ff03      	SBRS R16,3
0001ff c002      	RJMP _0x2000064
000200 5f29      	SUBI R18,-LOW(7)
000201 c001      	RJMP _0x2000065
                 _0x2000064:
000202 5d29      	SUBI R18,-LOW(39)
                 _0x2000065:
                 _0x2000063:
000203 fd04      	SBRC R16,4
000204 c019      	RJMP _0x2000067
000205 3321      	CPI  R18,49
000206 f420      	BRSH _0x2000069
000207 85a8      	LDD  R26,Y+8
000208 85b9      	LDD  R27,Y+8+1
000209 9711      	SBIW R26,1
00020a f409      	BRNE _0x2000068
                 _0x2000069:
00020b c009      	RJMP _0x20000D3
                 _0x2000068:
00020c 1753      	CP   R21,R19
00020d f010      	BRLO _0x200006D
00020e ff00      	SBRS R16,0
00020f c001      	RJMP _0x200006E
                 _0x200006D:
000210 c011      	RJMP _0x200006C
                 _0x200006E:
000211 e220      	LDI  R18,LOW(32)
000212 ff07      	SBRS R16,7
000213 c00a      	RJMP _0x200006F
000214 e320      	LDI  R18,LOW(48)
                 _0x20000D3:
000215 6100      	ORI  R16,LOW(16)
000216 ff02      	SBRS R16,2
000217 c006      	RJMP _0x2000070
000218 7f0b      	ANDI R16,LOW(251)
000219 934a      	ST   -Y,R20
00021a d08e      	RCALL SUBOPT_0x5
00021b 3050      	CPI  R21,0
00021c f009      	BREQ _0x2000071
00021d 5051      	SUBI R21,LOW(1)
                 _0x2000071:
                 _0x2000070:
                 _0x200006F:
                 _0x2000067:
00021e d07d      	RCALL SUBOPT_0x3
00021f 3050      	CPI  R21,0
000220 f009      	BREQ _0x2000072
000221 5051      	SUBI R21,LOW(1)
                 _0x2000072:
                 _0x200006C:
000222 5031      	SUBI R19,LOW(1)
000223 85a8      	LDD  R26,Y+8
000224 85b9      	LDD  R27,Y+8+1
000225 9712      	SBIW R26,2
000226 f008      	BRLO _0x200005F
000227 cfb8      	RJMP _0x200005E
                 _0x200005F:
                 _0x200005C:
000228 ff00      	SBRS R16,0
000229 c007      	RJMP _0x2000073
                 _0x2000074:
00022a 3050      	CPI  R21,0
00022b f029      	BREQ _0x2000076
00022c 5051      	SUBI R21,LOW(1)
00022d e2e0      	LDI  R30,LOW(32)
00022e 93ea      	ST   -Y,R30
00022f d079      	RCALL SUBOPT_0x5
000230 cff9      	RJMP _0x2000074
                 _0x2000076:
                 _0x2000073:
                 _0x2000077:
                 _0x2000036:
                 _0x20000D2:
000231 e010      	LDI  R17,LOW(0)
                 _0x2000021:
000232 ceed      	RJMP _0x200001C
                 _0x200001E:
000233 85ac      	LDD  R26,Y+12
000234 85bd      	LDD  R27,Y+12+1
000235 91ed      	LD   R30,X+
000236 91fd      	LD   R31,X+
000237 d088      	RCALL __LOADLOCR6
000238 9664      	ADIW R28,20
000239 9508      	RET
                 ; .FEND
                 _sprintf:
                 ; .FSTART _sprintf
00023a 92ff      	PUSH R15
00023b 2ef8      	MOV  R15,R24
00023c 9726      	SBIW R28,6
00023d d07b      	RCALL __SAVELOCR6
00023e 01fe      	MOVW R30,R28
                +
00023f 2400     +CLR R0
000240 0def     +ADD R30 , R15
000241 1df0     +ADC R31 , R0
                 	__ADDW1R15
                +
000242 8546     +LDD R20 , Z + 14
000243 8557     +LDD R21 , Z + 14 + 1
                 	__GETWRZ 20,21,14
000244 2e04      	MOV  R0,R20
000245 2a05      	OR   R0,R21
000246 f419      	BRNE _0x2000078
000247 efef      	LDI  R30,LOW(65535)
000248 efff      	LDI  R31,HIGH(65535)
000249 c023      	RJMP _0x2060001
                 _0x2000078:
00024a 01de      	MOVW R26,R28
00024b 9618      	ADIW R26,8
                +
00024c 2400     +CLR R0
00024d 0daf     +ADD R26 , R15
00024e 1db0     +ADC R27 , R0
                 	__ADDW2R15
00024f 018d      	MOVW R16,R26
                +
000250 8748     +STD Y + 8 , R20
000251 8759     +STD Y + 8 + 1 , R21
                 	__PUTWSR 20,21,8
000252 e0e0      	LDI  R30,LOW(0)
000253 87ea      	STD  Y+10,R30
000254 87eb      	STD  Y+10+1,R30
000255 01de      	MOVW R26,R28
000256 961c      	ADIW R26,12
                +
000257 2400     +CLR R0
000258 0daf     +ADD R26 , R15
000259 1db0     +ADC R27 , R0
                 	__ADDW2R15
00025a 91ed      	LD   R30,X+
00025b 91fd      	LD   R31,X+
00025c 93fa      	ST   -Y,R31
00025d 93ea      	ST   -Y,R30
00025e 931a      	ST   -Y,R17
00025f 930a      	ST   -Y,R16
000260 eee7      	LDI  R30,LOW(_put_buff_G100)
000261 e0f0      	LDI  R31,HIGH(_put_buff_G100)
000262 93fa      	ST   -Y,R31
000263 93ea      	ST   -Y,R30
000264 01de      	MOVW R26,R28
000265 961c      	ADIW R26,12
000266 deae      	RCALL __print_G100
000267 019f      	MOVW R18,R30
000268 85a8      	LDD  R26,Y+8
000269 85b9      	LDD  R27,Y+8+1
00026a e0e0      	LDI  R30,LOW(0)
00026b 93ec      	ST   X,R30
00026c 01f9      	MOVW R30,R18
                 _0x2060001:
00026d d052      	RCALL __LOADLOCR6
00026e 962c      	ADIW R28,12
00026f 90ff      	POP  R15
000270 9508      	RET
                 ; .FEND
                 
                 	.CSEG
                 
                 	.CSEG
                 _strlen:
                 ; .FSTART _strlen
000271 93ba      	ST   -Y,R27
000272 93aa      	ST   -Y,R26
000273 91a9          ld   r26,y+
000274 91b9          ld   r27,y+
000275 27ee          clr  r30
000276 27ff          clr  r31
                 strlen0:
000277 916d          ld   r22,x+
000278 2366          tst  r22
000279 f011          breq strlen1
00027a 9631          adiw r30,1
00027b cffb          rjmp strlen0
                 strlen1:
00027c 9508          ret
                 ; .FEND
                 _strlenf:
                 ; .FSTART _strlenf
00027d 93ba      	ST   -Y,R27
00027e 93aa      	ST   -Y,R26
00027f 27aa          clr  r26
000280 27bb          clr  r27
000281 91e9          ld   r30,y+
000282 91f9          ld   r31,y+
                 strlenf0:
000283 9005      	lpm  r0,z+
000284 2000          tst  r0
000285 f011          breq strlenf1
000286 9611          adiw r26,1
000287 cffb          rjmp strlenf0
                 strlenf1:
000288 01fd          movw r30,r26
000289 9508          ret
                 ; .FEND
                 
                 	.CSEG
                 ;OPTIMIZER ADDED SUBROUTINE, CALLED 2 TIMES, CODE SIZE REDUCTION:3 WORDS
                 SUBOPT_0x0:
00028a efef      	LDI  R30,LOW(255)
00028b 93e0 0085 	STS  133,R30
00028d efe0      	LDI  R30,LOW(240)
00028e 93e0 0084 	STS  132,R30
000290 9508      	RET
                 
                 ;OPTIMIZER ADDED SUBROUTINE, CALLED 2 TIMES, CODE SIZE REDUCTION:1 WORDS
                 SUBOPT_0x1:
000291 9614      	ADIW R26,4
                +
000292 91ed     +LD R30 , X +
000293 91fc     +LD R31 , X
000294 9711     +SBIW R26 , 1
                 	__GETW1P
000295 9508      	RET
                 
                 ;OPTIMIZER ADDED SUBROUTINE, CALLED 2 TIMES, CODE SIZE REDUCTION:2 WORDS
                 SUBOPT_0x2:
000296 91ed      	LD   R30,X+
000297 91fd      	LD   R31,X+
000298 9631      	ADIW R30,1
000299 93fe      	ST   -X,R31
00029a 93ee      	ST   -X,R30
00029b 9508      	RET
                 
                 ;OPTIMIZER ADDED SUBROUTINE, CALLED 5 TIMES, CODE SIZE REDUCTION:18 WORDS
                 SUBOPT_0x3:
00029c 932a      	ST   -Y,R18
00029d 85ad      	LDD  R26,Y+13
00029e 85be      	LDD  R27,Y+13+1
00029f 85ef      	LDD  R30,Y+15
0002a0 89f8      	LDD  R31,Y+15+1
0002a1 9509      	ICALL
0002a2 9508      	RET
                 
                 ;OPTIMIZER ADDED SUBROUTINE, CALLED 5 TIMES, CODE SIZE REDUCTION:14 WORDS
                 SUBOPT_0x4:
0002a3 89e8      	LDD  R30,Y+16
0002a4 89f9      	LDD  R31,Y+16+1
0002a5 9734      	SBIW R30,4
0002a6 8be8      	STD  Y+16,R30
0002a7 8bf9      	STD  Y+16+1,R31
0002a8 9508      	RET
                 
                 ;OPTIMIZER ADDED SUBROUTINE, CALLED 3 TIMES, CODE SIZE REDUCTION:6 WORDS
                 SUBOPT_0x5:
0002a9 85ad      	LDD  R26,Y+13
0002aa 85be      	LDD  R27,Y+13+1
0002ab 85ef      	LDD  R30,Y+15
0002ac 89f8      	LDD  R31,Y+15+1
0002ad 9509      	ICALL
0002ae 9508      	RET
                 
                 ;OPTIMIZER ADDED SUBROUTINE, CALLED 2 TIMES, CODE SIZE REDUCTION:6 WORDS
                 SUBOPT_0x6:
0002af 89a8      	LDD  R26,Y+16
0002b0 89b9      	LDD  R27,Y+16+1
0002b1 9614      	ADIW R26,4
0002b2 91ed      	LD   R30,X+
0002b3 91fd      	LD   R31,X+
0002b4 83ee      	STD  Y+6,R30
0002b5 83ff      	STD  Y+6+1,R31
0002b6 81ae      	LDD  R26,Y+6
0002b7 81bf      	LDD  R27,Y+6+1
0002b8 9508      	RET
                 
                 ;RUNTIME LIBRARY
                 
                 	.CSEG
                 __SAVELOCR6:
0002b9 935a      	ST   -Y,R21
                 __SAVELOCR5:
0002ba 934a      	ST   -Y,R20
                 __SAVELOCR4:
0002bb 933a      	ST   -Y,R19
                 __SAVELOCR3:
0002bc 932a      	ST   -Y,R18
                 __SAVELOCR2:
0002bd 931a      	ST   -Y,R17
0002be 930a      	ST   -Y,R16
0002bf 9508      	RET
                 
                 __LOADLOCR6:
0002c0 815d      	LDD  R21,Y+5
                 __LOADLOCR5:
0002c1 814c      	LDD  R20,Y+4
                 __LOADLOCR4:
0002c2 813b      	LDD  R19,Y+3
                 __LOADLOCR3:
0002c3 812a      	LDD  R18,Y+2
                 __LOADLOCR2:
0002c4 8119      	LDD  R17,Y+1
0002c5 8108      	LD   R16,Y
0002c6 9508      	RET
                 
                 __ANEGW1:
0002c7 95f1      	NEG  R31
0002c8 95e1      	NEG  R30
0002c9 40f0      	SBCI R31,0
0002ca 9508      	RET
                 
                 __GETW1PF:
0002cb 9005      	LPM  R0,Z+
0002cc 91f4      	LPM  R31,Z
0002cd 2de0      	MOV  R30,R0
0002ce 9508      	RET
                 
                 __PUTPARD1:
0002cf 937a      	ST   -Y,R23
0002d0 936a      	ST   -Y,R22
0002d1 93fa      	ST   -Y,R31
0002d2 93ea      	ST   -Y,R30
0002d3 9508      	RET
                 
                 _delay_ms:
0002d4 9610      	adiw r26,0
0002d5 f039      	breq __delay_ms1
                 __delay_ms0:
0002d6 95a8      	wdr
                +
0002d7 ed80     +LDI R24 , LOW ( 0x7D0 )
0002d8 e097     +LDI R25 , HIGH ( 0x7D0 )
                +__DELAY_USW_LOOP :
0002d9 9701     +SBIW R24 , 1
0002da f7f1     +BRNE __DELAY_USW_LOOP
                 	__DELAY_USW 0x7D0
0002db 9711      	sbiw r26,1
0002dc f7c9      	brne __delay_ms0
                 __delay_ms1:
0002dd 9508      	ret
                 
                 ;END OF CODE MARKER
                 __END_OF_CODE:


RESOURCE USE INFORMATION
------------------------

Notice:
The register and instruction counts are symbol table hit counts,
and hence implicitly used resources are not counted, eg, the
'lpm' instruction without operands implicitly uses r0 and z,
none of which are counted.

x,y,z are separate entities in the symbol table and are
counted separately from r26..r31 here.

.dseg memory usage only counts static data declared with .byte

ATmega328P register use summary:
r0 :  17 r1 :   1 r2 :   0 r3 :   0 r4 :   0 r5 :   2 r6 :   2 r7 :   0 
r8 :   0 r9 :   0 r10:   0 r11:   0 r12:   0 r13:   0 r14:   0 r15:   6 
r16:  38 r17:  25 r18:  35 r19:   8 r20:  12 r21:  22 r22:  11 r23:   2 
r24:  11 r25:   3 r26:  72 r27:  29 r28:  14 r29:   1 r30: 157 r31:  60 
x  :  33 y  : 130 z  :  16 
Registers used: 24 out of 35 (68.6%)

ATmega328P instruction use summary:
.lds  :   0 .lds.l:   0 .sts  :   0 .sts.l:   0 adc   :   3 add   :   5 
adiw  :  19 and   :   0 andi  :   6 asr   :   0 bclr  :   0 bld   :   0 
brbc  :   0 brbs  :   0 brcc  :   0 brcs  :   0 break :   0 breq  :  18 
brge  :   0 brhc  :   0 brhs  :   0 brid  :   0 brie  :   0 brlo  :   7 
brlt  :   0 brmi  :   1 brne  :  24 brpl  :   1 brsh  :   2 brtc  :   0 
brts  :   0 brvc  :   0 brvs  :   0 bset  :   0 bst   :   0 call  :   0 
cbi   :   0 cbr   :   0 clc   :   0 clh   :   0 cli   :   1 cln   :   0 
clr   :   9 cls   :   0 clt   :   0 clv   :   0 clz   :   0 com   :   0 
cp    :   3 cpc   :   2 cpi   :  32 cpse  :   0 dec   :   1 des   :   0 
eor   :   0 fmul  :   0 fmuls :   0 fmulsu:   0 icall :   2 ijmp  :   0 
in    :   1 inc   :   0 jmp   :  27 ld    :  31 ldd   :  58 ldi   :  70 
lds   :   7 lpm   :  14 lsl   :   0 lsr   :   0 mov   :  17 movw  :  25 
mul   :   1 muls  :   0 mulsu :   0 neg   :   2 nop   :   0 or    :   1 
ori   :   9 out   :   7 pop   :   1 push  :   1 rcall :  40 ret   :  21 
reti  :   1 rjmp  :  55 rol   :   0 ror   :   0 sbc   :   2 sbci  :   2 
sbi   :   0 sbic  :   0 sbis  :   0 sbiw  :  19 sbr   :   0 sbrc  :   2 
sbrs  :  10 sec   :   0 seh   :   0 sei   :   2 sen   :   0 ser   :   0 
ses   :   0 set   :   0 sev   :   0 sez   :   0 sleep :   0 spm   :   0 
st    :  48 std   :  30 sts   :  13 sub   :   1 subi  :  14 swap  :   0 
tst   :   4 wdr   :   1 
Instructions used: 50 out of 116 (43.1%)

ATmega328P memory use summary [bytes]:
Segment   Begin    End      Code   Data   Used    Size   Use%
---------------------------------------------------------------
[.cseg] 0x000000 0x0005bc   1436     32   1468   32768   4.5%
[.dseg] 0x000100 0x000303      0      3      3    2048   0.1%
[.eseg] 0x000000 0x000000      0      0      0    1024   0.0%

Assembly complete, 0 errors, 3 warnings
